

================================================================
== Vivado HLS Report for 'foo'
================================================================
* Date:           Mon Apr 28 14:45:15 2025

* Version:        2020.1 (Build 2897737 on Wed May 27 20:21:37 MDT 2020)
* Project:        assignment_foo
* Solution:       solution1
* Product family: virtexuplus
* Target device:  xcvu9p-flga2104-1-i


================================================================
== Performance Estimates
================================================================
+ Timing: 
    * Summary: 
    +--------+----------+----------+------------+
    |  Clock |  Target  | Estimated| Uncertainty|
    +--------+----------+----------+------------+
    |ap_clk  | 10.00 ns | 6.502 ns |   1.25 ns  |
    +--------+----------+----------+------------+

+ Latency: 
    * Summary: 
    +---------+---------+-----------+-----------+-----+-----+---------+
    |  Latency (cycles) |   Latency (absolute)  |  Interval | Pipeline|
    |   min   |   max   |    min    |    max    | min | max |   Type  |
    +---------+---------+-----------+-----------+-----+-----+---------+
    |        9|        9| 90.000 ns | 90.000 ns |    9|    9|   none  |
    +---------+---------+-----------+-----------+-----+-----+---------+

    + Detail: 
        * Instance: 
        N/A

        * Loop: 
        +----------+---------+---------+----------+-----------+-----------+------+----------+
        |          |  Latency (cycles) | Iteration|  Initiation Interval  | Trip |          |
        | Loop Name|   min   |   max   |  Latency |  achieved |   target  | Count| Pipelined|
        +----------+---------+---------+----------+-----------+-----------+------+----------+
        |- Loop 1  |        8|        8|         2|          -|          -|     4|    no    |
        +----------+---------+---------+----------+-----------+-----------+------+----------+

============================================================
+ Verbose Summary: Synthesis Manager
============================================================
InlineROM: 1
ExposeGlobal: 0
============================================================
+ Verbose Summary: CDFG Model
============================================================
IsTopModel: 1
ResetActiveHigh: 1
IsCombinational: 0
IsDatapathOnly: 0
HasWiredReturn: 1
HasMFsm: 0
HasVarLatency: 1
IsPipeline: 0
IsRtlPipelined: 0
IsInstanceOverlapped: 0
IsDontTouch: 0
HasImplIP: 0
IsGatedGlobalClock: 0


============================================================
+ Verbose Summary: Schedule
============================================================
* Number of FSM states : 3
* Pipeline : 0
* Dataflow Pipeline: 0

* FSM state transitions: 
1 --> 2 
2 --> 3 
3 --> 2 

* FSM state operations: 

State 1 <SV = 0> <Delay = 0.87>
ST_1 : Operation 4 [1/1] (0.00ns)   --->   "call void (...)* @_ssdm_op_SpecBitsMap([4 x i32]* %in_r) nounwind, !map !7"   --->   Operation 4 'specbitsmap' <Predicate = true> <Delay = 0.00>
ST_1 : Operation 5 [1/1] (0.00ns)   --->   "call void (...)* @_ssdm_op_SpecBitsMap(i8 %a) nounwind, !map !13"   --->   Operation 5 'specbitsmap' <Predicate = true> <Delay = 0.00>
ST_1 : Operation 6 [1/1] (0.00ns)   --->   "call void (...)* @_ssdm_op_SpecBitsMap(i8 %b) nounwind, !map !19"   --->   Operation 6 'specbitsmap' <Predicate = true> <Delay = 0.00>
ST_1 : Operation 7 [1/1] (0.00ns)   --->   "call void (...)* @_ssdm_op_SpecBitsMap(i8 %c) nounwind, !map !23"   --->   Operation 7 'specbitsmap' <Predicate = true> <Delay = 0.00>
ST_1 : Operation 8 [1/1] (0.00ns)   --->   "call void (...)* @_ssdm_op_SpecBitsMap([4 x i32]* %out_r) nounwind, !map !27"   --->   Operation 8 'specbitsmap' <Predicate = true> <Delay = 0.00>
ST_1 : Operation 9 [1/1] (0.00ns)   --->   "call void (...)* @_ssdm_op_SpecTopModule([4 x i8]* @foo_str) nounwind"   --->   Operation 9 'spectopmodule' <Predicate = true> <Delay = 0.00>
ST_1 : Operation 10 [1/1] (0.00ns)   --->   "%c_read = call i8 @_ssdm_op_Read.ap_auto.i8(i8 %c) nounwind" [foo.cpp:1]   --->   Operation 10 'read' 'c_read' <Predicate = true> <Delay = 0.00>
ST_1 : Operation 11 [1/1] (0.00ns)   --->   "%b_read = call i8 @_ssdm_op_Read.ap_auto.i8(i8 %b) nounwind" [foo.cpp:1]   --->   Operation 11 'read' 'b_read' <Predicate = true> <Delay = 0.00>
ST_1 : Operation 12 [1/1] (0.00ns)   --->   "%a_read = call i8 @_ssdm_op_Read.ap_auto.i8(i8 %a) nounwind" [foo.cpp:1]   --->   Operation 12 'read' 'a_read' <Predicate = true> <Delay = 0.00>
ST_1 : Operation 13 [1/1] (0.00ns)   --->   "%sext_ln5 = sext i8 %a_read to i32" [foo.cpp:5]   --->   Operation 13 'sext' 'sext_ln5' <Predicate = true> <Delay = 0.00>
ST_1 : Operation 14 [1/1] (0.00ns)   --->   "%sext_ln5_1 = sext i8 %b_read to i9" [foo.cpp:5]   --->   Operation 14 'sext' 'sext_ln5_1' <Predicate = true> <Delay = 0.00>
ST_1 : Operation 15 [1/1] (0.00ns)   --->   "%sext_ln3 = sext i8 %c_read to i9" [foo.cpp:3]   --->   Operation 15 'sext' 'sext_ln3' <Predicate = true> <Delay = 0.00>
ST_1 : Operation 16 [1/1] (0.87ns)   --->   "%add_ln5 = add i9 %sext_ln5_1, %sext_ln3" [foo.cpp:5]   --->   Operation 16 'add' 'add_ln5' <Predicate = true> <Delay = 0.87> <Core = "AddSub">   --->   Core 14 'AddSub' <Latency = 0> <II = 1> <Delay = 1.14> <FuncUnit> <Opcode : 'add' 'sub'> <InPorts = 2> <OutPorts = 1>
ST_1 : Operation 17 [1/1] (0.00ns)   --->   "%sext_ln5_2 = sext i9 %add_ln5 to i32" [foo.cpp:5]   --->   Operation 17 'sext' 'sext_ln5_2' <Predicate = true> <Delay = 0.00>
ST_1 : Operation 18 [1/1] (0.73ns)   --->   "br label %1" [foo.cpp:3]   --->   Operation 18 'br' <Predicate = true> <Delay = 0.73>

State 2 <SV = 1> <Delay = 0.73>
ST_2 : Operation 19 [1/1] (0.00ns)   --->   "%i_0 = phi i3 [ 0, %0 ], [ %i, %2 ]"   --->   Operation 19 'phi' 'i_0' <Predicate = true> <Delay = 0.00>
ST_2 : Operation 20 [1/1] (0.56ns)   --->   "%icmp_ln3 = icmp eq i3 %i_0, -4" [foo.cpp:3]   --->   Operation 20 'icmp' 'icmp_ln3' <Predicate = true> <Delay = 0.56> <Core = "Cmp">   --->   Core 25 'Cmp' <Latency = 0> <II = 1> <Delay = 0.56> <FuncUnit> <Opcode : 'icmp'> <InPorts = 2> <OutPorts = 1>
ST_2 : Operation 21 [1/1] (0.00ns)   --->   "%empty = call i32 (...)* @_ssdm_op_SpecLoopTripCount(i64 4, i64 4, i64 4) nounwind"   --->   Operation 21 'speclooptripcount' 'empty' <Predicate = true> <Delay = 0.00>
ST_2 : Operation 22 [1/1] (0.71ns)   --->   "%i = add i3 %i_0, 1" [foo.cpp:3]   --->   Operation 22 'add' 'i' <Predicate = true> <Delay = 0.71> <Core = "AddSub">   --->   Core 14 'AddSub' <Latency = 0> <II = 1> <Delay = 1.14> <FuncUnit> <Opcode : 'add' 'sub'> <InPorts = 2> <OutPorts = 1>
ST_2 : Operation 23 [1/1] (0.00ns)   --->   "br i1 %icmp_ln3, label %3, label %2" [foo.cpp:3]   --->   Operation 23 'br' <Predicate = true> <Delay = 0.00>
ST_2 : Operation 24 [1/1] (0.00ns)   --->   "%zext_ln4 = zext i3 %i_0 to i64" [foo.cpp:4]   --->   Operation 24 'zext' 'zext_ln4' <Predicate = (!icmp_ln3)> <Delay = 0.00>
ST_2 : Operation 25 [1/1] (0.00ns)   --->   "%in_addr = getelementptr [4 x i32]* %in_r, i64 0, i64 %zext_ln4" [foo.cpp:4]   --->   Operation 25 'getelementptr' 'in_addr' <Predicate = (!icmp_ln3)> <Delay = 0.00>
ST_2 : Operation 26 [2/2] (0.73ns)   --->   "%x = load i32* %in_addr, align 4" [foo.cpp:4]   --->   Operation 26 'load' 'x' <Predicate = (!icmp_ln3)> <Delay = 0.73> <Core = "RAM">   --->   Core 37 'RAM' <Latency = 1> <II = 1> <Delay = 0.73> <Storage> <Opcode : 'load' 'store'> <Ports = 2> <Width = 32> <Depth = 4> <RAM>
ST_2 : Operation 27 [1/1] (0.00ns)   --->   "ret void" [foo.cpp:8]   --->   Operation 27 'ret' <Predicate = (icmp_ln3)> <Delay = 0.00>

State 3 <SV = 2> <Delay = 6.50>
ST_3 : Operation 28 [1/2] (0.73ns)   --->   "%x = load i32* %in_addr, align 4" [foo.cpp:4]   --->   Operation 28 'load' 'x' <Predicate = true> <Delay = 0.73> <Core = "RAM">   --->   Core 37 'RAM' <Latency = 1> <II = 1> <Delay = 0.73> <Storage> <Opcode : 'load' 'store'> <Ports = 2> <Width = 32> <Depth = 4> <RAM>
ST_3 : Operation 29 [1/1] (3.90ns)   --->   "%mul_ln5 = mul nsw i32 %x, %sext_ln5" [foo.cpp:5]   --->   Operation 29 'mul' 'mul_ln5' <Predicate = true> <Delay = 3.90> <Core = "Mul">   --->   Core 16 'Mul' <Latency = 0> <II = 1> <Delay = 3.90> <FuncUnit> <Opcode : 'mul'> <InPorts = 2> <OutPorts = 1>
ST_3 : Operation 30 [1/1] (1.14ns)   --->   "%y = add i32 %sext_ln5_2, %mul_ln5" [foo.cpp:5]   --->   Operation 30 'add' 'y' <Predicate = true> <Delay = 1.14> <Core = "AddSub">   --->   Core 14 'AddSub' <Latency = 0> <II = 1> <Delay = 1.14> <FuncUnit> <Opcode : 'add' 'sub'> <InPorts = 2> <OutPorts = 1>
ST_3 : Operation 31 [1/1] (0.00ns)   --->   "%out_addr = getelementptr [4 x i32]* %out_r, i64 0, i64 %zext_ln4" [foo.cpp:6]   --->   Operation 31 'getelementptr' 'out_addr' <Predicate = true> <Delay = 0.00>
ST_3 : Operation 32 [1/1] (0.73ns)   --->   "store i32 %y, i32* %out_addr, align 4" [foo.cpp:6]   --->   Operation 32 'store' <Predicate = true> <Delay = 0.73> <Core = "RAM">   --->   Core 37 'RAM' <Latency = 1> <II = 1> <Delay = 0.73> <Storage> <Opcode : 'load' 'store'> <Ports = 2> <Width = 32> <Depth = 4> <RAM>
ST_3 : Operation 33 [1/1] (0.00ns)   --->   "br label %1" [foo.cpp:3]   --->   Operation 33 'br' <Predicate = true> <Delay = 0.00>


============================================================
+ Verbose Summary: Binding
============================================================
STG Binding: 
---------------- STG Properties BEGIN ----------------
- Is combinational: 0
- Is one-state seq: 0
- Is datapath-only: 0
- Is pipelined: 0
- Is top level: 1
Port [ Return ] is wired: 1; IO mode=ap_ctrl_hs:ce=0
Port [ in_r]:  wired=1; compound=1; hidden=0; nouse=0; global=0; static=0; extern=0; dir=0; type=1; pingpong=0; private_global=0; MemPort=[13]; IO mode=ap_memory:ce=0
Port [ a]:  wired=1; compound=0; hidden=0; nouse=0; global=0; static=0; extern=0; dir=0; type=0; pingpong=0; private_global=0; IO mode=ap_none:ce=0
Port [ b]:  wired=1; compound=0; hidden=0; nouse=0; global=0; static=0; extern=0; dir=0; type=0; pingpong=0; private_global=0; IO mode=ap_none:ce=0
Port [ c]:  wired=1; compound=0; hidden=0; nouse=0; global=0; static=0; extern=0; dir=0; type=0; pingpong=0; private_global=0; IO mode=ap_none:ce=0
Port [ out_r]:  wired=1; compound=1; hidden=0; nouse=0; global=0; static=0; extern=0; dir=1; type=1; pingpong=0; private_global=0; MemPort=[03]; IO mode=ap_memory:ce=0
---------------- STG Properties END ------------------

---------------- Datapath Model BEGIN ----------------

<LifeTime>
<method=bitvector/>
specbitsmap_ln0   (specbitsmap      ) [ 0000]
specbitsmap_ln0   (specbitsmap      ) [ 0000]
specbitsmap_ln0   (specbitsmap      ) [ 0000]
specbitsmap_ln0   (specbitsmap      ) [ 0000]
specbitsmap_ln0   (specbitsmap      ) [ 0000]
spectopmodule_ln0 (spectopmodule    ) [ 0000]
c_read            (read             ) [ 0000]
b_read            (read             ) [ 0000]
a_read            (read             ) [ 0000]
sext_ln5          (sext             ) [ 0011]
sext_ln5_1        (sext             ) [ 0000]
sext_ln3          (sext             ) [ 0000]
add_ln5           (add              ) [ 0000]
sext_ln5_2        (sext             ) [ 0011]
br_ln3            (br               ) [ 0111]
i_0               (phi              ) [ 0010]
icmp_ln3          (icmp             ) [ 0011]
empty             (speclooptripcount) [ 0000]
i                 (add              ) [ 0111]
br_ln3            (br               ) [ 0000]
zext_ln4          (zext             ) [ 0001]
in_addr           (getelementptr    ) [ 0001]
ret_ln8           (ret              ) [ 0000]
x                 (load             ) [ 0000]
mul_ln5           (mul              ) [ 0000]
y                 (add              ) [ 0000]
out_addr          (getelementptr    ) [ 0000]
store_ln6         (store            ) [ 0000]
br_ln3            (br               ) [ 0111]
</LifeTime>

<model>

<comp_list>
<comp id="0" class="1000" name="in_r">
<pin_list>
<pin id="1" dir="1" index="0" bw="1" slack="0"/>
</pin_list>
<bind>
<StgValue><ssdm name="in_r"/><MemPortTyVec>1 3 </MemPortTyVec>
</StgValue>
</bind>
</comp>

<comp id="2" class="1000" name="a">
<pin_list>
<pin id="3" dir="1" index="0" bw="1" slack="0"/>
</pin_list>
<bind>
<StgValue><ssdm name="a"/></StgValue>
</bind>
</comp>

<comp id="4" class="1000" name="b">
<pin_list>
<pin id="5" dir="1" index="0" bw="1" slack="0"/>
</pin_list>
<bind>
<StgValue><ssdm name="b"/></StgValue>
</bind>
</comp>

<comp id="6" class="1000" name="c">
<pin_list>
<pin id="7" dir="1" index="0" bw="1" slack="0"/>
</pin_list>
<bind>
<StgValue><ssdm name="c"/></StgValue>
</bind>
</comp>

<comp id="8" class="1000" name="out_r">
<pin_list>
<pin id="9" dir="1" index="0" bw="1" slack="0"/>
</pin_list>
<bind>
<StgValue><ssdm name="out_r"/><MemPortTyVec>0 3 </MemPortTyVec>
</StgValue>
</bind>
</comp>

<comp id="10" class="1001" name="const_10">
<pin_list>
<pin id="11" dir="1" index="0" bw="1" slack="2147483647"/>
</pin_list>
<bind>
<StgValue><ssdm name="_ssdm_op_SpecBitsMap"/></StgValue>
</bind>
</comp>

<comp id="12" class="1001" name="const_12">
<pin_list>
<pin id="13" dir="1" index="0" bw="1" slack="2147483647"/>
</pin_list>
<bind>
<StgValue><ssdm name="_ssdm_op_SpecTopModule"/></StgValue>
</bind>
</comp>

<comp id="14" class="1001" name="const_14">
<pin_list>
<pin id="15" dir="1" index="0" bw="1" slack="2147483647"/>
</pin_list>
<bind>
<StgValue><ssdm name="foo_str"/></StgValue>
</bind>
</comp>

<comp id="16" class="1001" name="const_16">
<pin_list>
<pin id="17" dir="1" index="0" bw="1" slack="0"/>
</pin_list>
<bind>
<StgValue><ssdm name="_ssdm_op_Read.ap_auto.i8"/></StgValue>
</bind>
</comp>

<comp id="18" class="1001" name="const_18">
<pin_list>
<pin id="19" dir="1" index="0" bw="1" slack="1"/>
</pin_list>
<bind>
<StgValue><ssdm name=""/></StgValue>
</bind>
</comp>

<comp id="20" class="1001" name="const_20">
<pin_list>
<pin id="21" dir="1" index="0" bw="1" slack="0"/>
</pin_list>
<bind>
<StgValue><ssdm name=""/></StgValue>
</bind>
</comp>

<comp id="22" class="1001" name="const_22">
<pin_list>
<pin id="23" dir="1" index="0" bw="1" slack="2147483647"/>
</pin_list>
<bind>
<StgValue><ssdm name="_ssdm_op_SpecLoopTripCount"/></StgValue>
</bind>
</comp>

<comp id="24" class="1001" name="const_24">
<pin_list>
<pin id="25" dir="1" index="0" bw="1" slack="2147483647"/>
</pin_list>
<bind>
<StgValue><ssdm name=""/></StgValue>
</bind>
</comp>

<comp id="26" class="1001" name="const_26">
<pin_list>
<pin id="27" dir="1" index="0" bw="1" slack="0"/>
</pin_list>
<bind>
<StgValue><ssdm name=""/></StgValue>
</bind>
</comp>

<comp id="28" class="1001" name="const_28">
<pin_list>
<pin id="29" dir="1" index="0" bw="1" slack="0"/>
</pin_list>
<bind>
<StgValue><ssdm name=""/></StgValue>
</bind>
</comp>

<comp id="30" class="1004" name="c_read_read_fu_30">
<pin_list>
<pin id="31" dir="0" index="0" bw="8" slack="0"/>
<pin id="32" dir="0" index="1" bw="8" slack="0"/>
<pin id="33" dir="1" index="2" bw="8" slack="0"/>
</pin_list>
<bind>
<opcode="read(1150) " fcode="read"/>
<opset="c_read/1 "/>
</bind>
</comp>

<comp id="36" class="1004" name="b_read_read_fu_36">
<pin_list>
<pin id="37" dir="0" index="0" bw="8" slack="0"/>
<pin id="38" dir="0" index="1" bw="8" slack="0"/>
<pin id="39" dir="1" index="2" bw="8" slack="0"/>
</pin_list>
<bind>
<opcode="read(1150) " fcode="read"/>
<opset="b_read/1 "/>
</bind>
</comp>

<comp id="42" class="1004" name="a_read_read_fu_42">
<pin_list>
<pin id="43" dir="0" index="0" bw="8" slack="0"/>
<pin id="44" dir="0" index="1" bw="8" slack="0"/>
<pin id="45" dir="1" index="2" bw="8" slack="0"/>
</pin_list>
<bind>
<opcode="read(1150) " fcode="read"/>
<opset="a_read/1 "/>
</bind>
</comp>

<comp id="48" class="1004" name="in_addr_gep_fu_48">
<pin_list>
<pin id="49" dir="0" index="0" bw="32" slack="0"/>
<pin id="50" dir="0" index="1" bw="1" slack="0"/>
<pin id="51" dir="0" index="2" bw="3" slack="0"/>
<pin id="52" dir="1" index="3" bw="2" slack="0"/>
</pin_list>
<bind>
<opcode="getelementptr(29) " fcode="getelementptr"/>
<opset="in_addr/2 "/>
</bind>
</comp>

<comp id="55" class="1004" name="grp_access_fu_55">
<pin_list>
<pin id="56" dir="0" index="0" bw="2" slack="0"/>
<pin id="57" dir="0" index="1" bw="32" slack="2147483647"/>
<pin id="58" dir="0" index="2" bw="0" slack="2147483647"/>
<pin id="59" dir="1" index="3" bw="32" slack="0"/>
</pin_list>
<bind>
<opcode="load(27) " fcode="load"/>
<opset="x/2 "/>
</bind>
</comp>

<comp id="61" class="1004" name="out_addr_gep_fu_61">
<pin_list>
<pin id="62" dir="0" index="0" bw="32" slack="0"/>
<pin id="63" dir="0" index="1" bw="1" slack="0"/>
<pin id="64" dir="0" index="2" bw="3" slack="1"/>
<pin id="65" dir="1" index="3" bw="2" slack="0"/>
</pin_list>
<bind>
<opcode="getelementptr(29) " fcode="getelementptr"/>
<opset="out_addr/3 "/>
</bind>
</comp>

<comp id="68" class="1004" name="store_ln6_access_fu_68">
<pin_list>
<pin id="69" dir="0" index="0" bw="2" slack="0"/>
<pin id="70" dir="0" index="1" bw="32" slack="0"/>
<pin id="71" dir="0" index="2" bw="0" slack="2147483647"/>
<pin id="72" dir="1" index="3" bw="32" slack="2147483647"/>
</pin_list>
<bind>
<opcode="store(28) " fcode="store"/>
<opset="store_ln6/3 "/>
</bind>
</comp>

<comp id="74" class="1005" name="i_0_reg_74">
<pin_list>
<pin id="75" dir="0" index="0" bw="3" slack="1"/>
<pin id="76" dir="1" index="1" bw="3" slack="1"/>
</pin_list>
<bind>
<opset="i_0 (phireg) "/>
</bind>
</comp>

<comp id="78" class="1004" name="i_0_phi_fu_78">
<pin_list>
<pin id="79" dir="0" index="0" bw="1" slack="1"/>
<pin id="80" dir="0" index="1" bw="0" slack="2147483647"/>
<pin id="81" dir="0" index="2" bw="3" slack="0"/>
<pin id="82" dir="0" index="3" bw="0" slack="2147483647"/>
<pin id="83" dir="1" index="4" bw="3" slack="0"/>
</pin_list>
<bind>
<opcode="phi(47) " fcode="phi"/>
<opset="i_0/2 "/>
</bind>
</comp>

<comp id="85" class="1004" name="sext_ln5_fu_85">
<pin_list>
<pin id="86" dir="0" index="0" bw="8" slack="0"/>
<pin id="87" dir="1" index="1" bw="32" slack="2"/>
</pin_list>
<bind>
<opcode="sext(35) " fcode="sext"/>
<opset="sext_ln5/1 "/>
</bind>
</comp>

<comp id="89" class="1004" name="sext_ln5_1_fu_89">
<pin_list>
<pin id="90" dir="0" index="0" bw="8" slack="0"/>
<pin id="91" dir="1" index="1" bw="9" slack="0"/>
</pin_list>
<bind>
<opcode="sext(35) " fcode="sext"/>
<opset="sext_ln5_1/1 "/>
</bind>
</comp>

<comp id="93" class="1004" name="sext_ln3_fu_93">
<pin_list>
<pin id="94" dir="0" index="0" bw="8" slack="0"/>
<pin id="95" dir="1" index="1" bw="9" slack="0"/>
</pin_list>
<bind>
<opcode="sext(35) " fcode="sext"/>
<opset="sext_ln3/1 "/>
</bind>
</comp>

<comp id="97" class="1004" name="add_ln5_fu_97">
<pin_list>
<pin id="98" dir="0" index="0" bw="8" slack="0"/>
<pin id="99" dir="0" index="1" bw="8" slack="0"/>
<pin id="100" dir="1" index="2" bw="9" slack="0"/>
</pin_list>
<bind>
<opcode="add(8) " fcode="add"/>
<opset="add_ln5/1 "/>
</bind>
</comp>

<comp id="103" class="1004" name="sext_ln5_2_fu_103">
<pin_list>
<pin id="104" dir="0" index="0" bw="9" slack="0"/>
<pin id="105" dir="1" index="1" bw="32" slack="2"/>
</pin_list>
<bind>
<opcode="sext(35) " fcode="sext"/>
<opset="sext_ln5_2/1 "/>
</bind>
</comp>

<comp id="107" class="1004" name="icmp_ln3_fu_107">
<pin_list>
<pin id="108" dir="0" index="0" bw="3" slack="0"/>
<pin id="109" dir="0" index="1" bw="3" slack="0"/>
<pin id="110" dir="1" index="2" bw="1" slack="2147483647"/>
</pin_list>
<bind>
<opcode="icmp(45) " fcode="icmp"/>
<opset="icmp_ln3/2 "/>
</bind>
</comp>

<comp id="113" class="1004" name="i_fu_113">
<pin_list>
<pin id="114" dir="0" index="0" bw="3" slack="0"/>
<pin id="115" dir="0" index="1" bw="1" slack="0"/>
<pin id="116" dir="1" index="2" bw="3" slack="0"/>
</pin_list>
<bind>
<opcode="add(8) " fcode="add"/>
<opset="i/2 "/>
</bind>
</comp>

<comp id="119" class="1004" name="zext_ln4_fu_119">
<pin_list>
<pin id="120" dir="0" index="0" bw="3" slack="0"/>
<pin id="121" dir="1" index="1" bw="64" slack="0"/>
</pin_list>
<bind>
<opcode="zext(34) " fcode="zext"/>
<opset="zext_ln4/2 "/>
</bind>
</comp>

<comp id="124" class="1004" name="mul_ln5_fu_124">
<pin_list>
<pin id="125" dir="0" index="0" bw="32" slack="0"/>
<pin id="126" dir="0" index="1" bw="8" slack="2"/>
<pin id="127" dir="1" index="2" bw="32" slack="0"/>
</pin_list>
<bind>
<opcode="mul(12) " fcode="mul"/>
<opset="mul_ln5/3 "/>
</bind>
</comp>

<comp id="129" class="1004" name="y_fu_129">
<pin_list>
<pin id="130" dir="0" index="0" bw="9" slack="2"/>
<pin id="131" dir="0" index="1" bw="32" slack="0"/>
<pin id="132" dir="1" index="2" bw="32" slack="0"/>
</pin_list>
<bind>
<opcode="add(8) " fcode="add"/>
<opset="y/3 "/>
</bind>
</comp>

<comp id="135" class="1005" name="sext_ln5_reg_135">
<pin_list>
<pin id="136" dir="0" index="0" bw="32" slack="2"/>
<pin id="137" dir="1" index="1" bw="32" slack="2"/>
</pin_list>
<bind>
<opset="sext_ln5 "/>
</bind>
</comp>

<comp id="140" class="1005" name="sext_ln5_2_reg_140">
<pin_list>
<pin id="141" dir="0" index="0" bw="32" slack="2"/>
<pin id="142" dir="1" index="1" bw="32" slack="2"/>
</pin_list>
<bind>
<opset="sext_ln5_2 "/>
</bind>
</comp>

<comp id="148" class="1005" name="i_reg_148">
<pin_list>
<pin id="149" dir="0" index="0" bw="3" slack="0"/>
<pin id="150" dir="1" index="1" bw="3" slack="0"/>
</pin_list>
<bind>
<opset="i "/>
</bind>
</comp>

<comp id="153" class="1005" name="zext_ln4_reg_153">
<pin_list>
<pin id="154" dir="0" index="0" bw="64" slack="1"/>
<pin id="155" dir="1" index="1" bw="64" slack="1"/>
</pin_list>
<bind>
<opset="zext_ln4 "/>
</bind>
</comp>

<comp id="158" class="1005" name="in_addr_reg_158">
<pin_list>
<pin id="159" dir="0" index="0" bw="2" slack="1"/>
<pin id="160" dir="1" index="1" bw="2" slack="1"/>
</pin_list>
<bind>
<opset="in_addr "/>
</bind>
</comp>

</comp_list>

<net_list>
<net id="34"><net_src comp="16" pin="0"/><net_sink comp="30" pin=0"/></net>

<net id="35"><net_src comp="6" pin="0"/><net_sink comp="30" pin=1"/></net>

<net id="40"><net_src comp="16" pin="0"/><net_sink comp="36" pin=0"/></net>

<net id="41"><net_src comp="4" pin="0"/><net_sink comp="36" pin=1"/></net>

<net id="46"><net_src comp="16" pin="0"/><net_sink comp="42" pin=0"/></net>

<net id="47"><net_src comp="2" pin="0"/><net_sink comp="42" pin=1"/></net>

<net id="53"><net_src comp="0" pin="0"/><net_sink comp="48" pin=0"/></net>

<net id="54"><net_src comp="28" pin="0"/><net_sink comp="48" pin=1"/></net>

<net id="60"><net_src comp="48" pin="3"/><net_sink comp="55" pin=0"/></net>

<net id="66"><net_src comp="8" pin="0"/><net_sink comp="61" pin=0"/></net>

<net id="67"><net_src comp="28" pin="0"/><net_sink comp="61" pin=1"/></net>

<net id="73"><net_src comp="61" pin="3"/><net_sink comp="68" pin=0"/></net>

<net id="77"><net_src comp="18" pin="0"/><net_sink comp="74" pin=0"/></net>

<net id="84"><net_src comp="74" pin="1"/><net_sink comp="78" pin=0"/></net>

<net id="88"><net_src comp="42" pin="2"/><net_sink comp="85" pin=0"/></net>

<net id="92"><net_src comp="36" pin="2"/><net_sink comp="89" pin=0"/></net>

<net id="96"><net_src comp="30" pin="2"/><net_sink comp="93" pin=0"/></net>

<net id="101"><net_src comp="89" pin="1"/><net_sink comp="97" pin=0"/></net>

<net id="102"><net_src comp="93" pin="1"/><net_sink comp="97" pin=1"/></net>

<net id="106"><net_src comp="97" pin="2"/><net_sink comp="103" pin=0"/></net>

<net id="111"><net_src comp="78" pin="4"/><net_sink comp="107" pin=0"/></net>

<net id="112"><net_src comp="20" pin="0"/><net_sink comp="107" pin=1"/></net>

<net id="117"><net_src comp="78" pin="4"/><net_sink comp="113" pin=0"/></net>

<net id="118"><net_src comp="26" pin="0"/><net_sink comp="113" pin=1"/></net>

<net id="122"><net_src comp="78" pin="4"/><net_sink comp="119" pin=0"/></net>

<net id="123"><net_src comp="119" pin="1"/><net_sink comp="48" pin=2"/></net>

<net id="128"><net_src comp="55" pin="3"/><net_sink comp="124" pin=0"/></net>

<net id="133"><net_src comp="124" pin="2"/><net_sink comp="129" pin=1"/></net>

<net id="134"><net_src comp="129" pin="2"/><net_sink comp="68" pin=1"/></net>

<net id="138"><net_src comp="85" pin="1"/><net_sink comp="135" pin=0"/></net>

<net id="139"><net_src comp="135" pin="1"/><net_sink comp="124" pin=1"/></net>

<net id="143"><net_src comp="103" pin="1"/><net_sink comp="140" pin=0"/></net>

<net id="144"><net_src comp="140" pin="1"/><net_sink comp="129" pin=0"/></net>

<net id="151"><net_src comp="113" pin="2"/><net_sink comp="148" pin=0"/></net>

<net id="152"><net_src comp="148" pin="1"/><net_sink comp="78" pin=2"/></net>

<net id="156"><net_src comp="119" pin="1"/><net_sink comp="153" pin=0"/></net>

<net id="157"><net_src comp="153" pin="1"/><net_sink comp="61" pin=2"/></net>

<net id="161"><net_src comp="48" pin="3"/><net_sink comp="158" pin=0"/></net>

<net id="162"><net_src comp="158" pin="1"/><net_sink comp="55" pin=0"/></net>

</net_list>

</model> 
---------------- Datapath Model END ------------------

* FSMD analyzer results:
  - Output states:
	Port: out_r | {3 }
 - Input state : 
	Port: foo : in_r | {2 3 }
	Port: foo : a | {1 }
	Port: foo : b | {1 }
	Port: foo : c | {1 }
  - Chain level:
	State 1
		add_ln5 : 1
		sext_ln5_2 : 2
	State 2
		icmp_ln3 : 1
		i : 1
		br_ln3 : 2
		zext_ln4 : 1
		in_addr : 2
		x : 3
	State 3
		mul_ln5 : 1
		y : 2
		store_ln6 : 3


============================================================
+ Verbose Summary: Datapath Resource usage 
============================================================

* Functional unit list:
|----------|-------------------|---------|---------|---------|
| Operation|  Functional Unit  |  DSP48E |    FF   |   LUT   |
|----------|-------------------|---------|---------|---------|
|          |   add_ln5_fu_97   |    0    |    0    |    15   |
|    add   |      i_fu_113     |    0    |    0    |    11   |
|          |      y_fu_129     |    0    |    0    |    39   |
|----------|-------------------|---------|---------|---------|
|    mul   |   mul_ln5_fu_124  |    2    |    0    |    20   |
|----------|-------------------|---------|---------|---------|
|   icmp   |  icmp_ln3_fu_107  |    0    |    0    |    9    |
|----------|-------------------|---------|---------|---------|
|          | c_read_read_fu_30 |    0    |    0    |    0    |
|   read   | b_read_read_fu_36 |    0    |    0    |    0    |
|          | a_read_read_fu_42 |    0    |    0    |    0    |
|----------|-------------------|---------|---------|---------|
|          |   sext_ln5_fu_85  |    0    |    0    |    0    |
|   sext   |  sext_ln5_1_fu_89 |    0    |    0    |    0    |
|          |   sext_ln3_fu_93  |    0    |    0    |    0    |
|          | sext_ln5_2_fu_103 |    0    |    0    |    0    |
|----------|-------------------|---------|---------|---------|
|   zext   |  zext_ln4_fu_119  |    0    |    0    |    0    |
|----------|-------------------|---------|---------|---------|
|   Total  |                   |    2    |    0    |    94   |
|----------|-------------------|---------|---------|---------|

Memories:
N/A

* Register list:
+------------------+--------+
|                  |   FF   |
+------------------+--------+
|    i_0_reg_74    |    3   |
|     i_reg_148    |    3   |
|  in_addr_reg_158 |    2   |
|sext_ln5_2_reg_140|   32   |
| sext_ln5_reg_135 |   32   |
| zext_ln4_reg_153 |   64   |
+------------------+--------+
|       Total      |   136  |
+------------------+--------+

* Multiplexer (MUX) list: 
|------------------|------|------|------|--------||---------||---------|
|       Comp       |  Pin | Size |  BW  | S x BW ||  Delay  ||   LUT   |
|------------------|------|------|------|--------||---------||---------|
| grp_access_fu_55 |  p0  |   2  |   2  |    4   ||    9    |
|------------------|------|------|------|--------||---------||---------|
|       Total      |      |      |      |    4   ||  0.736  ||    9    |
|------------------|------|------|------|--------||---------||---------|



* Summary:
+-----------+--------+--------+--------+--------+
|           | DSP48E |  Delay |   FF   |   LUT  |
+-----------+--------+--------+--------+--------+
|  Function |    2   |    -   |    0   |   94   |
|   Memory  |    -   |    -   |    -   |    -   |
|Multiplexer|    -   |    0   |    -   |    9   |
|  Register |    -   |    -   |   136  |    -   |
+-----------+--------+--------+--------+--------+
|   Total   |    2   |    0   |   136  |   103  |
+-----------+--------+--------+--------+--------+
