

================================================================
== Vivado HLS Report for 'lec10ex1'
================================================================
* Date:           Mon Apr 28 13:39:40 2025

* Version:        2020.1 (Build 2897737 on Wed May 27 20:21:37 MDT 2020)
* Project:        assignment3
* Solution:       solution1
* Product family: virtexuplus
* Target device:  xqvu7p-flrb2104-1-i


================================================================
== Performance Estimates
================================================================
+ Timing: 
    * Summary: 
    +--------+---------+----------+------------+
    |  Clock |  Target | Estimated| Uncertainty|
    +--------+---------+----------+------------+
    |ap_clk  | 4.00 ns | 2.893 ns |   0.50 ns  |
    +--------+---------+----------+------------+

+ Latency: 
    * Summary: 
    +---------+---------+----------+----------+-----+-----+---------+
    |  Latency (cycles) |  Latency (absolute) |  Interval | Pipeline|
    |   min   |   max   |    min   |    max   | min | max |   Type  |
    +---------+---------+----------+----------+-----+-----+---------+
    |       67|       67| 0.268 us | 0.268 us |   67|   67|   none  |
    +---------+---------+----------+----------+-----+-----+---------+

    + Detail: 
        * Instance: 
        N/A

        * Loop: 
        +----------+---------+---------+----------+-----------+-----------+------+----------+
        |          |  Latency (cycles) | Iteration|  Initiation Interval  | Trip |          |
        | Loop Name|   min   |   max   |  Latency |  achieved |   target  | Count| Pipelined|
        +----------+---------+---------+----------+-----------+-----------+------+----------+
        |- Loop    |       66|       66|         6|          -|          -|    11|    no    |
        +----------+---------+---------+----------+-----------+-----------+------+----------+



================================================================
== Utilization Estimates
================================================================
* Summary: 
+---------------------+---------+-------+---------+--------+-----+
|         Name        | BRAM_18K| DSP48E|    FF   |   LUT  | URAM|
+---------------------+---------+-------+---------+--------+-----+
|DSP                  |        -|      -|        -|       -|    -|
|Expression           |        -|      -|        0|      65|    -|
|FIFO                 |        -|      -|        -|       -|    -|
|Instance             |        -|      3|      165|      49|    -|
|Memory               |        0|      -|       64|       6|    0|
|Multiplexer          |        -|      -|        -|     119|    -|
|Register             |        -|      -|      178|       -|    -|
+---------------------+---------+-------+---------+--------+-----+
|Total                |        0|      3|      407|     239|    0|
+---------------------+---------+-------+---------+--------+-----+
|Available SLR        |     1440|   2280|   788160|  394080|  320|
+---------------------+---------+-------+---------+--------+-----+
|Utilization SLR (%)  |        0|   ~0  |    ~0   |   ~0   |    0|
+---------------------+---------+-------+---------+--------+-----+
|Available            |     2880|   4560|  1576320|  788160|  640|
+---------------------+---------+-------+---------+--------+-----+
|Utilization (%)      |        0|   ~0  |    ~0   |   ~0   |    0|
+---------------------+---------+-------+---------+--------+-----+

+ Detail: 
    * Instance: 
    +-------------------------+----------------------+---------+-------+-----+----+-----+
    |         Instance        |        Module        | BRAM_18K| DSP48E|  FF | LUT| URAM|
    +-------------------------+----------------------+---------+-------+-----+----+-----+
    |lec10ex1_mul_32s_bkb_U1  |lec10ex1_mul_32s_bkb  |        0|      3|  165|  49|    0|
    +-------------------------+----------------------+---------+-------+-----+----+-----+
    |Total                    |                      |        0|      3|  165|  49|    0|
    +-------------------------+----------------------+---------+-------+-----+----+-----+

    * DSP48E: 
    N/A

    * Memory: 
    +-------+--------------+---------+----+----+-----+------+-----+------+-------------+
    | Memory|    Module    | BRAM_18K| FF | LUT| URAM| Words| Bits| Banks| W*Bits*Banks|
    +-------+--------------+---------+----+----+-----+------+-----+------+-------------+
    |arr_U  |lec10ex1_arr  |        0|  64|   6|    0|    11|   32|     1|          352|
    +-------+--------------+---------+----+----+-----+------+-----+------+-------------+
    |Total  |              |        0|  64|   6|    0|    11|   32|     1|          352|
    +-------+--------------+---------+----+----+-----+------+-----+------+-------------+

    * FIFO: 
    N/A

    * Expression: 
    +---------------------+----------+-------+---+----+------------+------------+
    |    Variable Name    | Operation| DSP48E| FF| LUT| Bitwidth P0| Bitwidth P1|
    +---------------------+----------+-------+---+----+------------+------------+
    |grp_fu_126_p2        |     +    |      0|  0|  15|           5|           2|
    |sum_fu_169_p2        |     +    |      0|  0|  39|          32|          32|
    |icmp_ln14_fu_145_p2  |   icmp   |      0|  0|  11|           5|           1|
    +---------------------+----------+-------+---+----+------------+------------+
    |Total                |          |      0|  0|  65|          42|          35|
    +---------------------+----------+-------+---+----+------------+------------+

    * Multiplexer: 
    +----------------+----+-----------+-----+-----------+
    |      Name      | LUT| Input Size| Bits| Total Bits|
    +----------------+----+-----------+-----+-----------+
    |ap_NS_fsm       |  41|          8|    1|          8|
    |arr_address0    |  21|          4|    4|         16|
    |arr_d0          |  15|          3|   32|         96|
    |data_0_reg_116  |   9|          2|   32|         64|
    |grp_fu_126_p0   |  15|          3|    5|         15|
    |i_0_reg_104     |   9|          2|    5|         10|
    |sum_0_reg_91    |   9|          2|   32|         64|
    +----------------+----+-----------+-----+-----------+
    |Total           | 119|         24|  111|        273|
    +----------------+----+-----------+-----+-----------+

    * Register: 
    +-------------------+----+----+-----+-----------+
    |        Name       | FF | LUT| Bits| Const Bits|
    +-------------------+----+----+-----+-----------+
    |ap_CS_fsm          |   7|   0|    7|          0|
    |c_load_reg_213     |  32|   0|   32|          0|
    |data_0_reg_116     |  32|   0|   32|          0|
    |i_0_reg_104        |   5|   0|    5|          0|
    |i_reg_208          |   5|   0|    5|          0|
    |icmp_ln14_reg_189  |   1|   0|    1|          0|
    |mul_ln24_reg_218   |  32|   0|   32|          0|
    |sext_ln12_reg_180  |  32|   0|   32|          0|
    |sum_0_reg_91       |  32|   0|   32|          0|
    +-------------------+----+----+-----+-----------+
    |Total              | 178|   0|  178|          0|
    +-------------------+----+----+-----+-----------+



================================================================
== Interface
================================================================
* Summary: 
+------------+-----+-----+------------+--------------+--------------+
|  RTL Ports | Dir | Bits|  Protocol  | Source Object|    C Type    |
+------------+-----+-----+------------+--------------+--------------+
|ap_clk      |  in |    1| ap_ctrl_hs |   lec10ex1   | return value |
|ap_rst      |  in |    1| ap_ctrl_hs |   lec10ex1   | return value |
|ap_start    |  in |    1| ap_ctrl_hs |   lec10ex1   | return value |
|ap_done     | out |    1| ap_ctrl_hs |   lec10ex1   | return value |
|ap_idle     | out |    1| ap_ctrl_hs |   lec10ex1   | return value |
|ap_ready    | out |    1| ap_ctrl_hs |   lec10ex1   | return value |
|y           | out |   32|   ap_vld   |       y      |    pointer   |
|y_ap_vld    | out |    1|   ap_vld   |       y      |    pointer   |
|c_address0  | out |    4|  ap_memory |       c      |     array    |
|c_ce0       | out |    1|  ap_memory |       c      |     array    |
|c_q0        |  in |   32|  ap_memory |       c      |     array    |
|x           |  in |   32|   ap_none  |       x      |    scalar    |
+------------+-----+-----+------------+--------------+--------------+

============================================================
+ Verbose Summary: Synthesis Manager
============================================================
InlineROM: 1
ExposeGlobal: 0
============================================================
+ Verbose Summary: CDFG Model
============================================================
IsTopModel: 1
ResetActiveHigh: 1
IsCombinational: 2
IsDatapathOnly: 2
HasWiredReturn: 1
HasMFsm: 0
HasVarLatency: 1
IsPipeline: 0
IsRtlPipelined: 0
IsInstanceOverlapped: 0
IsDontTouch: 0
HasImplIP: 0
IsGatedGlobalClock: 0


============================================================
+ Verbose Summary: Schedule
============================================================
* Number of FSM states : 7
* Pipeline : 0
* Dataflow Pipeline: 0

* FSM state transitions: 
1 --> 2 
2 --> 3 
3 --> 4 
4 --> 5 
5 --> 6 
6 --> 7 
7 --> 2 

* FSM state operations: 

State 1 <SV = 0> <Delay = 0.73>
ST_1 : Operation 8 [1/1] (0.00ns)   --->   "call void (...)* @_ssdm_op_SpecBitsMap(i32* %y) nounwind, !map !7"   --->   Operation 8 'specbitsmap' <Predicate = true> <Delay = 0.00>
ST_1 : Operation 9 [1/1] (0.00ns)   --->   "call void (...)* @_ssdm_op_SpecBitsMap([11 x i32]* %c) nounwind, !map !13"   --->   Operation 9 'specbitsmap' <Predicate = true> <Delay = 0.00>
ST_1 : Operation 10 [1/1] (0.00ns)   --->   "call void (...)* @_ssdm_op_SpecBitsMap(i32 %x) nounwind, !map !19"   --->   Operation 10 'specbitsmap' <Predicate = true> <Delay = 0.00>
ST_1 : Operation 11 [1/1] (0.00ns)   --->   "call void (...)* @_ssdm_op_SpecTopModule([9 x i8]* @lec10ex1_str) nounwind"   --->   Operation 11 'spectopmodule' <Predicate = true> <Delay = 0.00>
ST_1 : Operation 12 [1/1] (0.00ns)   --->   "%x_read = call i32 @_ssdm_op_Read.ap_auto.i32(i32 %x) nounwind" [lec10ex1.c:3]   --->   Operation 12 'read' 'x_read' <Predicate = true> <Delay = 0.00>
ST_1 : Operation 13 [1/1] (0.73ns)   --->   "br label %1" [lec10ex1.c:12]   --->   Operation 13 'br' <Predicate = true> <Delay = 0.73>

State 2 <SV = 1> <Delay = 1.55>
ST_2 : Operation 14 [1/1] (0.00ns)   --->   "%sum_0 = phi i32 [ 0, %0 ], [ %sum, %5 ]"   --->   Operation 14 'phi' 'sum_0' <Predicate = true> <Delay = 0.00>
ST_2 : Operation 15 [1/1] (0.00ns)   --->   "%i_0 = phi i5 [ 10, %0 ], [ %i, %5 ]"   --->   Operation 15 'phi' 'i_0' <Predicate = true> <Delay = 0.00>
ST_2 : Operation 16 [1/1] (0.00ns)   --->   "%sext_ln12 = sext i5 %i_0 to i32" [lec10ex1.c:12]   --->   Operation 16 'sext' 'sext_ln12' <Predicate = true> <Delay = 0.00>
ST_2 : Operation 17 [1/1] (0.00ns)   --->   "%tmp = call i1 @_ssdm_op_BitSelect.i1.i5.i32(i5 %i_0, i32 4)" [lec10ex1.c:12]   --->   Operation 17 'bitselect' 'tmp' <Predicate = true> <Delay = 0.00>
ST_2 : Operation 18 [1/1] (0.00ns)   --->   "%empty = call i32 (...)* @_ssdm_op_SpecLoopTripCount(i64 11, i64 11, i64 11) nounwind"   --->   Operation 18 'speclooptripcount' 'empty' <Predicate = true> <Delay = 0.00>
ST_2 : Operation 19 [1/1] (0.00ns)   --->   "br i1 %tmp, label %6, label %2" [lec10ex1.c:12]   --->   Operation 19 'br' <Predicate = true> <Delay = 0.00>
ST_2 : Operation 20 [1/1] (0.00ns)   --->   "call void (...)* @_ssdm_op_SpecLoopName([5 x i8]* @p_str) nounwind" [lec10ex1.c:13]   --->   Operation 20 'specloopname' <Predicate = (!tmp)> <Delay = 0.00>
ST_2 : Operation 21 [1/1] (0.72ns)   --->   "%icmp_ln14 = icmp eq i5 %i_0, 0" [lec10ex1.c:14]   --->   Operation 21 'icmp' 'icmp_ln14' <Predicate = (!tmp)> <Delay = 0.72> <Core = "Cmp">   --->   Core 25 'Cmp' <Latency = 0> <II = 1> <Delay = 0.72> <FuncUnit> <Opcode : 'icmp'> <InPorts = 2> <OutPorts = 1>
ST_2 : Operation 22 [1/1] (0.00ns)   --->   "br i1 %icmp_ln14, label %3, label %4" [lec10ex1.c:14]   --->   Operation 22 'br' <Predicate = (!tmp)> <Delay = 0.00>
ST_2 : Operation 23 [1/1] (0.82ns)   --->   "%add_ln21 = add i5 %i_0, -1" [lec10ex1.c:21]   --->   Operation 23 'add' 'add_ln21' <Predicate = (!tmp & !icmp_ln14)> <Delay = 0.82> <Core = "AddSub">   --->   Core 14 'AddSub' <Latency = 0> <II = 1> <Delay = 1.14> <FuncUnit> <Opcode : 'add' 'sub'> <InPorts = 2> <OutPorts = 1>
ST_2 : Operation 24 [1/1] (0.00ns)   --->   "%zext_ln21 = zext i5 %add_ln21 to i64" [lec10ex1.c:21]   --->   Operation 24 'zext' 'zext_ln21' <Predicate = (!tmp & !icmp_ln14)> <Delay = 0.00>
ST_2 : Operation 25 [1/1] (0.00ns)   --->   "%arr_addr = getelementptr inbounds [11 x i32]* @arr, i64 0, i64 %zext_ln21" [lec10ex1.c:21]   --->   Operation 25 'getelementptr' 'arr_addr' <Predicate = (!tmp & !icmp_ln14)> <Delay = 0.00>
ST_2 : Operation 26 [2/2] (0.73ns)   --->   "%data = load i32* %arr_addr, align 4" [lec10ex1.c:21]   --->   Operation 26 'load' 'data' <Predicate = (!tmp & !icmp_ln14)> <Delay = 0.73> <Core = "RAM">   --->   Core 37 'RAM' <Latency = 1> <II = 1> <Delay = 0.73> <Storage> <Opcode : 'load' 'store'> <Ports = 2> <Width = 32> <Depth = 11> <RAM>
ST_2 : Operation 27 [1/1] (0.73ns)   --->   "store i32 %x_read, i32* getelementptr inbounds ([11 x i32]* @arr, i64 0, i64 0), align 16" [lec10ex1.c:16]   --->   Operation 27 'store' <Predicate = (!tmp & icmp_ln14)> <Delay = 0.73> <Core = "RAM">   --->   Core 37 'RAM' <Latency = 1> <II = 1> <Delay = 0.73> <Storage> <Opcode : 'load' 'store'> <Ports = 2> <Width = 32> <Depth = 11> <RAM>
ST_2 : Operation 28 [1/1] (0.73ns)   --->   "br label %5" [lec10ex1.c:18]   --->   Operation 28 'br' <Predicate = (!tmp & icmp_ln14)> <Delay = 0.73>
ST_2 : Operation 29 [1/1] (0.00ns)   --->   "call void @_ssdm_op_Write.ap_auto.i32P(i32* %y, i32 %sum_0) nounwind" [lec10ex1.c:27]   --->   Operation 29 'write' <Predicate = (tmp)> <Delay = 0.00>
ST_2 : Operation 30 [1/1] (0.00ns)   --->   "ret void" [lec10ex1.c:28]   --->   Operation 30 'ret' <Predicate = (tmp)> <Delay = 0.00>

State 3 <SV = 2> <Delay = 1.46>
ST_3 : Operation 31 [1/2] (0.73ns)   --->   "%data = load i32* %arr_addr, align 4" [lec10ex1.c:21]   --->   Operation 31 'load' 'data' <Predicate = (!icmp_ln14)> <Delay = 0.73> <Core = "RAM">   --->   Core 37 'RAM' <Latency = 1> <II = 1> <Delay = 0.73> <Storage> <Opcode : 'load' 'store'> <Ports = 2> <Width = 32> <Depth = 11> <RAM>
ST_3 : Operation 32 [1/1] (0.00ns)   --->   "%zext_ln21_1 = zext i32 %sext_ln12 to i64" [lec10ex1.c:21]   --->   Operation 32 'zext' 'zext_ln21_1' <Predicate = (!icmp_ln14)> <Delay = 0.00>
ST_3 : Operation 33 [1/1] (0.00ns)   --->   "%arr_addr_1 = getelementptr inbounds [11 x i32]* @arr, i64 0, i64 %zext_ln21_1" [lec10ex1.c:21]   --->   Operation 33 'getelementptr' 'arr_addr_1' <Predicate = (!icmp_ln14)> <Delay = 0.00>
ST_3 : Operation 34 [1/1] (0.73ns)   --->   "store i32 %data, i32* %arr_addr_1, align 4" [lec10ex1.c:21]   --->   Operation 34 'store' <Predicate = (!icmp_ln14)> <Delay = 0.73> <Core = "RAM">   --->   Core 37 'RAM' <Latency = 1> <II = 1> <Delay = 0.73> <Storage> <Opcode : 'load' 'store'> <Ports = 2> <Width = 32> <Depth = 11> <RAM>
ST_3 : Operation 35 [1/1] (0.73ns)   --->   "br label %5"   --->   Operation 35 'br' <Predicate = (!icmp_ln14)> <Delay = 0.73>
ST_3 : Operation 36 [1/1] (0.00ns)   --->   "%zext_ln24 = zext i32 %sext_ln12 to i64" [lec10ex1.c:24]   --->   Operation 36 'zext' 'zext_ln24' <Predicate = true> <Delay = 0.00>
ST_3 : Operation 37 [1/1] (0.00ns)   --->   "%c_addr = getelementptr [11 x i32]* %c, i64 0, i64 %zext_ln24" [lec10ex1.c:24]   --->   Operation 37 'getelementptr' 'c_addr' <Predicate = true> <Delay = 0.00>
ST_3 : Operation 38 [2/2] (0.73ns)   --->   "%c_load = load i32* %c_addr, align 4" [lec10ex1.c:24]   --->   Operation 38 'load' 'c_load' <Predicate = true> <Delay = 0.73> <Core = "RAM">   --->   Core 37 'RAM' <Latency = 1> <II = 1> <Delay = 0.73> <Storage> <Opcode : 'load' 'store'> <Ports = 2> <Width = 32> <Depth = 11> <RAM>
ST_3 : Operation 39 [1/1] (0.82ns)   --->   "%i = add i5 %i_0, -1" [lec10ex1.c:12]   --->   Operation 39 'add' 'i' <Predicate = true> <Delay = 0.82> <Core = "AddSub">   --->   Core 14 'AddSub' <Latency = 0> <II = 1> <Delay = 1.14> <FuncUnit> <Opcode : 'add' 'sub'> <InPorts = 2> <OutPorts = 1>

State 4 <SV = 3> <Delay = 0.73>
ST_4 : Operation 40 [1/1] (0.00ns)   --->   "%data_0 = phi i32 [ %x_read, %3 ], [ %data, %4 ]"   --->   Operation 40 'phi' 'data_0' <Predicate = true> <Delay = 0.00>
ST_4 : Operation 41 [1/2] (0.73ns)   --->   "%c_load = load i32* %c_addr, align 4" [lec10ex1.c:24]   --->   Operation 41 'load' 'c_load' <Predicate = true> <Delay = 0.73> <Core = "RAM">   --->   Core 37 'RAM' <Latency = 1> <II = 1> <Delay = 0.73> <Storage> <Opcode : 'load' 'store'> <Ports = 2> <Width = 32> <Depth = 11> <RAM>

State 5 <SV = 4> <Delay = 2.89>
ST_5 : Operation 42 [2/2] (2.89ns)   --->   "%mul_ln24 = mul nsw i32 %c_load, %data_0" [lec10ex1.c:24]   --->   Operation 42 'mul' 'mul_ln24' <Predicate = true> <Delay = 2.89> <Core = "MulnS">   --->   Core 17 'MulnS' <Latency = 1> <II = 1> <Delay = 2.89> <FuncUnit> <Opcode : 'mul'> <InPorts = 2> <OutPorts = 1>

State 6 <SV = 5> <Delay = 2.89>
ST_6 : Operation 43 [1/2] (2.89ns)   --->   "%mul_ln24 = mul nsw i32 %c_load, %data_0" [lec10ex1.c:24]   --->   Operation 43 'mul' 'mul_ln24' <Predicate = true> <Delay = 2.89> <Core = "MulnS">   --->   Core 17 'MulnS' <Latency = 1> <II = 1> <Delay = 2.89> <FuncUnit> <Opcode : 'mul'> <InPorts = 2> <OutPorts = 1>

State 7 <SV = 6> <Delay = 1.14>
ST_7 : Operation 44 [1/1] (1.14ns)   --->   "%sum = add nsw i32 %mul_ln24, %sum_0" [lec10ex1.c:24]   --->   Operation 44 'add' 'sum' <Predicate = true> <Delay = 1.14> <Core = "AddSub">   --->   Core 14 'AddSub' <Latency = 0> <II = 1> <Delay = 1.14> <FuncUnit> <Opcode : 'add' 'sub'> <InPorts = 2> <OutPorts = 1>
ST_7 : Operation 45 [1/1] (0.00ns)   --->   "br label %1" [lec10ex1.c:12]   --->   Operation 45 'br' <Predicate = true> <Delay = 0.00>


============================================================
+ Verbose Summary: Binding
============================================================
STG Binding: 
---------------- STG Properties BEGIN ----------------
- Is combinational: 0
- Is one-state seq: 0
- Is datapath-only: 0
- Is pipelined: 0
- Is top level: 1
Port [ Return ] is wired: 1; IO mode=ap_ctrl_hs:ce=0
Port [ y]:  wired=1; compound=0; hidden=0; nouse=0; global=0; static=0; extern=0; dir=1; type=0; pingpong=0; private_global=0; IO mode=ap_vld:ce=0
Port [ c]:  wired=1; compound=1; hidden=0; nouse=0; global=0; static=0; extern=0; dir=0; type=1; pingpong=0; private_global=0; MemPort=[13]; IO mode=ap_memory:ce=0
Port [ x]:  wired=1; compound=0; hidden=0; nouse=0; global=0; static=0; extern=0; dir=0; type=0; pingpong=0; private_global=0; IO mode=ap_none:ce=0
Port [ arr]:  wired=0; compound=1; hidden=1; nouse=0; global=1; static=1; extern=0; dir=2; type=1; pingpong=0; private_global=1; linkage=7; visibility=0; MemPort=[23]; IO mode=ap_memory:ce=0
---------------- STG Properties END ------------------

---------------- Datapath Model BEGIN ----------------

<LifeTime>
<method=bitvector/>
specbitsmap_ln0   (specbitsmap      ) [ 00000000]
specbitsmap_ln0   (specbitsmap      ) [ 00000000]
specbitsmap_ln0   (specbitsmap      ) [ 00000000]
spectopmodule_ln0 (spectopmodule    ) [ 00000000]
x_read            (read             ) [ 00111111]
br_ln12           (br               ) [ 01111111]
sum_0             (phi              ) [ 00111111]
i_0               (phi              ) [ 00110000]
sext_ln12         (sext             ) [ 00010000]
tmp               (bitselect        ) [ 00111111]
empty             (speclooptripcount) [ 00000000]
br_ln12           (br               ) [ 00000000]
specloopname_ln13 (specloopname     ) [ 00000000]
icmp_ln14         (icmp             ) [ 00111111]
br_ln14           (br               ) [ 00000000]
add_ln21          (add              ) [ 00000000]
zext_ln21         (zext             ) [ 00000000]
arr_addr          (getelementptr    ) [ 00010000]
store_ln16        (store            ) [ 00000000]
br_ln18           (br               ) [ 00111111]
write_ln27        (write            ) [ 00000000]
ret_ln28          (ret              ) [ 00000000]
data              (load             ) [ 00111111]
zext_ln21_1       (zext             ) [ 00000000]
arr_addr_1        (getelementptr    ) [ 00000000]
store_ln21        (store            ) [ 00000000]
br_ln0            (br               ) [ 00111111]
zext_ln24         (zext             ) [ 00000000]
c_addr            (getelementptr    ) [ 00001000]
i                 (add              ) [ 01101111]
data_0            (phi              ) [ 00001110]
c_load            (load             ) [ 00000110]
mul_ln24          (mul              ) [ 00000001]
sum               (add              ) [ 01111111]
br_ln12           (br               ) [ 01111111]
</LifeTime>

<model>

<comp_list>
<comp id="0" class="1000" name="y">
<pin_list>
<pin id="1" dir="1" index="0" bw="1" slack="0"/>
</pin_list>
<bind>
<StgValue><ssdm name="y"/></StgValue>
</bind>
</comp>

<comp id="2" class="1000" name="c">
<pin_list>
<pin id="3" dir="1" index="0" bw="1" slack="0"/>
</pin_list>
<bind>
<StgValue><ssdm name="c"/><MemPortTyVec>1 3 </MemPortTyVec>
</StgValue>
</bind>
</comp>

<comp id="4" class="1000" name="x">
<pin_list>
<pin id="5" dir="1" index="0" bw="1" slack="0"/>
</pin_list>
<bind>
<StgValue><ssdm name="x"/></StgValue>
</bind>
</comp>

<comp id="6" class="1000" name="arr">
<pin_list>
<pin id="7" dir="1" index="0" bw="1" slack="0"/>
</pin_list>
<bind>
<StgValue><ssdm name="arr"/><MemPortTyVec>2 3 </MemPortTyVec>
</StgValue>
</bind>
</comp>

<comp id="8" class="1001" name="const_8">
<pin_list>
<pin id="9" dir="1" index="0" bw="1" slack="2147483647"/>
</pin_list>
<bind>
<StgValue><ssdm name="_ssdm_op_SpecBitsMap"/></StgValue>
</bind>
</comp>

<comp id="10" class="1001" name="const_10">
<pin_list>
<pin id="11" dir="1" index="0" bw="1" slack="2147483647"/>
</pin_list>
<bind>
<StgValue><ssdm name="_ssdm_op_SpecTopModule"/></StgValue>
</bind>
</comp>

<comp id="12" class="1001" name="const_12">
<pin_list>
<pin id="13" dir="1" index="0" bw="1" slack="2147483647"/>
</pin_list>
<bind>
<StgValue><ssdm name="lec10ex1_str"/></StgValue>
</bind>
</comp>

<comp id="14" class="1001" name="const_14">
<pin_list>
<pin id="15" dir="1" index="0" bw="1" slack="0"/>
</pin_list>
<bind>
<StgValue><ssdm name="_ssdm_op_Read.ap_auto.i32"/></StgValue>
</bind>
</comp>

<comp id="16" class="1001" name="const_16">
<pin_list>
<pin id="17" dir="1" index="0" bw="1" slack="1"/>
</pin_list>
<bind>
<StgValue><ssdm name=""/></StgValue>
</bind>
</comp>

<comp id="18" class="1001" name="const_18">
<pin_list>
<pin id="19" dir="1" index="0" bw="1" slack="1"/>
</pin_list>
<bind>
<StgValue><ssdm name=""/></StgValue>
</bind>
</comp>

<comp id="20" class="1001" name="const_20">
<pin_list>
<pin id="21" dir="1" index="0" bw="1" slack="0"/>
</pin_list>
<bind>
<StgValue><ssdm name="_ssdm_op_BitSelect.i1.i5.i32"/></StgValue>
</bind>
</comp>

<comp id="22" class="1001" name="const_22">
<pin_list>
<pin id="23" dir="1" index="0" bw="1" slack="0"/>
</pin_list>
<bind>
<StgValue><ssdm name=""/></StgValue>
</bind>
</comp>

<comp id="24" class="1001" name="const_24">
<pin_list>
<pin id="25" dir="1" index="0" bw="1" slack="2147483647"/>
</pin_list>
<bind>
<StgValue><ssdm name="_ssdm_op_SpecLoopTripCount"/></StgValue>
</bind>
</comp>

<comp id="26" class="1001" name="const_26">
<pin_list>
<pin id="27" dir="1" index="0" bw="1" slack="2147483647"/>
</pin_list>
<bind>
<StgValue><ssdm name=""/></StgValue>
</bind>
</comp>

<comp id="28" class="1001" name="const_28">
<pin_list>
<pin id="29" dir="1" index="0" bw="1" slack="2147483647"/>
</pin_list>
<bind>
<StgValue><ssdm name="_ssdm_op_SpecLoopName"/></StgValue>
</bind>
</comp>

<comp id="30" class="1001" name="const_30">
<pin_list>
<pin id="31" dir="1" index="0" bw="1" slack="2147483647"/>
</pin_list>
<bind>
<StgValue><ssdm name="p_str"/></StgValue>
</bind>
</comp>

<comp id="32" class="1001" name="const_32">
<pin_list>
<pin id="33" dir="1" index="0" bw="1" slack="0"/>
</pin_list>
<bind>
<StgValue><ssdm name=""/></StgValue>
</bind>
</comp>

<comp id="34" class="1001" name="const_34">
<pin_list>
<pin id="35" dir="1" index="0" bw="1" slack="0"/>
</pin_list>
<bind>
<StgValue><ssdm name=""/></StgValue>
</bind>
</comp>

<comp id="36" class="1001" name="const_36">
<pin_list>
<pin id="37" dir="1" index="0" bw="1" slack="0"/>
</pin_list>
<bind>
<StgValue><ssdm name=""/></StgValue>
</bind>
</comp>

<comp id="38" class="1001" name="const_38">
<pin_list>
<pin id="39" dir="1" index="0" bw="1" slack="0"/>
</pin_list>
<bind>
<StgValue><ssdm name=""/></StgValue>
</bind>
</comp>

<comp id="40" class="1001" name="const_40">
<pin_list>
<pin id="41" dir="1" index="0" bw="1" slack="0"/>
</pin_list>
<bind>
<StgValue><ssdm name="_ssdm_op_Write.ap_auto.i32P"/></StgValue>
</bind>
</comp>

<comp id="42" class="1004" name="x_read_read_fu_42">
<pin_list>
<pin id="43" dir="0" index="0" bw="32" slack="0"/>
<pin id="44" dir="0" index="1" bw="32" slack="0"/>
<pin id="45" dir="1" index="2" bw="32" slack="1"/>
</pin_list>
<bind>
<opcode="read(1150) " fcode="read"/>
<opset="x_read/1 "/>
</bind>
</comp>

<comp id="48" class="1004" name="write_ln27_write_fu_48">
<pin_list>
<pin id="49" dir="0" index="0" bw="0" slack="0"/>
<pin id="50" dir="0" index="1" bw="32" slack="0"/>
<pin id="51" dir="0" index="2" bw="32" slack="0"/>
<pin id="52" dir="1" index="3" bw="0" slack="2147483647"/>
</pin_list>
<bind>
<opcode="write(1151) " fcode="write"/>
<opset="write_ln27/2 "/>
</bind>
</comp>

<comp id="55" class="1004" name="arr_addr_gep_fu_55">
<pin_list>
<pin id="56" dir="0" index="0" bw="32" slack="0"/>
<pin id="57" dir="0" index="1" bw="1" slack="0"/>
<pin id="58" dir="0" index="2" bw="5" slack="0"/>
<pin id="59" dir="1" index="3" bw="4" slack="0"/>
</pin_list>
<bind>
<opcode="getelementptr(29) " fcode="getelementptr"/>
<opset="arr_addr/2 "/>
</bind>
</comp>

<comp id="62" class="1004" name="grp_access_fu_62">
<pin_list>
<pin id="63" dir="0" index="0" bw="4" slack="0"/>
<pin id="64" dir="0" index="1" bw="32" slack="0"/>
<pin id="65" dir="0" index="2" bw="0" slack="2147483647"/>
<pin id="66" dir="1" index="3" bw="32" slack="0"/>
</pin_list>
<bind>
<opcode="load(27) store(28) " fcode="store"/>
<opset="data/2 store_ln16/2 store_ln21/3 "/>
</bind>
</comp>

<comp id="69" class="1004" name="arr_addr_1_gep_fu_69">
<pin_list>
<pin id="70" dir="0" index="0" bw="32" slack="0"/>
<pin id="71" dir="0" index="1" bw="1" slack="0"/>
<pin id="72" dir="0" index="2" bw="32" slack="0"/>
<pin id="73" dir="1" index="3" bw="4" slack="0"/>
</pin_list>
<bind>
<opcode="getelementptr(29) " fcode="getelementptr"/>
<opset="arr_addr_1/3 "/>
</bind>
</comp>

<comp id="78" class="1004" name="c_addr_gep_fu_78">
<pin_list>
<pin id="79" dir="0" index="0" bw="32" slack="0"/>
<pin id="80" dir="0" index="1" bw="1" slack="0"/>
<pin id="81" dir="0" index="2" bw="32" slack="0"/>
<pin id="82" dir="1" index="3" bw="4" slack="0"/>
</pin_list>
<bind>
<opcode="getelementptr(29) " fcode="getelementptr"/>
<opset="c_addr/3 "/>
</bind>
</comp>

<comp id="85" class="1004" name="grp_access_fu_85">
<pin_list>
<pin id="86" dir="0" index="0" bw="4" slack="0"/>
<pin id="87" dir="0" index="1" bw="32" slack="2147483647"/>
<pin id="88" dir="0" index="2" bw="0" slack="2147483647"/>
<pin id="89" dir="1" index="3" bw="32" slack="1"/>
</pin_list>
<bind>
<opcode="load(27) " fcode="load"/>
<opset="c_load/3 "/>
</bind>
</comp>

<comp id="91" class="1005" name="sum_0_reg_91">
<pin_list>
<pin id="92" dir="0" index="0" bw="32" slack="1"/>
<pin id="93" dir="1" index="1" bw="32" slack="1"/>
</pin_list>
<bind>
<opset="sum_0 (phireg) "/>
</bind>
</comp>

<comp id="95" class="1004" name="sum_0_phi_fu_95">
<pin_list>
<pin id="96" dir="0" index="0" bw="1" slack="1"/>
<pin id="97" dir="0" index="1" bw="0" slack="2147483647"/>
<pin id="98" dir="0" index="2" bw="32" slack="1"/>
<pin id="99" dir="0" index="3" bw="0" slack="2147483647"/>
<pin id="100" dir="1" index="4" bw="32" slack="0"/>
</pin_list>
<bind>
<opcode="phi(47) " fcode="phi"/>
<opset="sum_0/2 "/>
</bind>
</comp>

<comp id="104" class="1005" name="i_0_reg_104">
<pin_list>
<pin id="105" dir="0" index="0" bw="5" slack="1"/>
<pin id="106" dir="1" index="1" bw="5" slack="1"/>
</pin_list>
<bind>
<opset="i_0 (phireg) "/>
</bind>
</comp>

<comp id="108" class="1004" name="i_0_phi_fu_108">
<pin_list>
<pin id="109" dir="0" index="0" bw="5" slack="1"/>
<pin id="110" dir="0" index="1" bw="0" slack="2147483647"/>
<pin id="111" dir="0" index="2" bw="5" slack="1"/>
<pin id="112" dir="0" index="3" bw="0" slack="2147483647"/>
<pin id="113" dir="1" index="4" bw="5" slack="0"/>
</pin_list>
<bind>
<opcode="phi(47) " fcode="phi"/>
<opset="i_0/2 "/>
</bind>
</comp>

<comp id="116" class="1005" name="data_0_reg_116">
<pin_list>
<pin id="117" dir="0" index="0" bw="32" slack="1"/>
<pin id="118" dir="1" index="1" bw="32" slack="1"/>
</pin_list>
<bind>
<opset="data_0 (phireg) "/>
</bind>
</comp>

<comp id="119" class="1004" name="data_0_phi_fu_119">
<pin_list>
<pin id="120" dir="0" index="0" bw="32" slack="3"/>
<pin id="121" dir="0" index="1" bw="0" slack="2147483647"/>
<pin id="122" dir="0" index="2" bw="32" slack="1"/>
<pin id="123" dir="0" index="3" bw="0" slack="2147483647"/>
<pin id="124" dir="1" index="4" bw="32" slack="1"/>
</pin_list>
<bind>
<opcode="phi(47) " fcode="phi"/>
<opset="data_0/4 "/>
</bind>
</comp>

<comp id="126" class="1004" name="grp_fu_126">
<pin_list>
<pin id="127" dir="0" index="0" bw="5" slack="0"/>
<pin id="128" dir="0" index="1" bw="1" slack="0"/>
<pin id="129" dir="1" index="2" bw="5" slack="0"/>
</pin_list>
<bind>
<opcode="add(8) " fcode="add"/>
<opset="add_ln21/2 i/3 "/>
</bind>
</comp>

<comp id="133" class="1004" name="sext_ln12_fu_133">
<pin_list>
<pin id="134" dir="0" index="0" bw="5" slack="0"/>
<pin id="135" dir="1" index="1" bw="32" slack="1"/>
</pin_list>
<bind>
<opcode="sext(35) " fcode="sext"/>
<opset="sext_ln12/2 "/>
</bind>
</comp>

<comp id="137" class="1004" name="tmp_fu_137">
<pin_list>
<pin id="138" dir="0" index="0" bw="1" slack="0"/>
<pin id="139" dir="0" index="1" bw="5" slack="0"/>
<pin id="140" dir="0" index="2" bw="4" slack="0"/>
<pin id="141" dir="1" index="3" bw="1" slack="2147483647"/>
</pin_list>
<bind>
<opcode="bitselect(1000) " fcode="bitselect"/>
<opset="tmp/2 "/>
</bind>
</comp>

<comp id="145" class="1004" name="icmp_ln14_fu_145">
<pin_list>
<pin id="146" dir="0" index="0" bw="5" slack="0"/>
<pin id="147" dir="0" index="1" bw="5" slack="0"/>
<pin id="148" dir="1" index="2" bw="1" slack="1"/>
</pin_list>
<bind>
<opcode="icmp(45) " fcode="icmp"/>
<opset="icmp_ln14/2 "/>
</bind>
</comp>

<comp id="151" class="1004" name="zext_ln21_fu_151">
<pin_list>
<pin id="152" dir="0" index="0" bw="5" slack="0"/>
<pin id="153" dir="1" index="1" bw="64" slack="0"/>
</pin_list>
<bind>
<opcode="zext(34) " fcode="zext"/>
<opset="zext_ln21/2 "/>
</bind>
</comp>

<comp id="156" class="1004" name="zext_ln21_1_fu_156">
<pin_list>
<pin id="157" dir="0" index="0" bw="5" slack="1"/>
<pin id="158" dir="1" index="1" bw="64" slack="0"/>
</pin_list>
<bind>
<opcode="zext(34) " fcode="zext"/>
<opset="zext_ln21_1/3 "/>
</bind>
</comp>

<comp id="160" class="1004" name="zext_ln24_fu_160">
<pin_list>
<pin id="161" dir="0" index="0" bw="5" slack="1"/>
<pin id="162" dir="1" index="1" bw="64" slack="0"/>
</pin_list>
<bind>
<opcode="zext(34) " fcode="zext"/>
<opset="zext_ln24/3 "/>
</bind>
</comp>

<comp id="164" class="1004" name="grp_fu_164">
<pin_list>
<pin id="165" dir="0" index="0" bw="32" slack="1"/>
<pin id="166" dir="0" index="1" bw="32" slack="1"/>
<pin id="167" dir="1" index="2" bw="32" slack="1"/>
</pin_list>
<bind>
<opcode="mul(12) " fcode="mul"/>
<opset="mul_ln24/5 "/>
</bind>
</comp>

<comp id="169" class="1004" name="sum_fu_169">
<pin_list>
<pin id="170" dir="0" index="0" bw="32" slack="1"/>
<pin id="171" dir="0" index="1" bw="32" slack="5"/>
<pin id="172" dir="1" index="2" bw="32" slack="1"/>
</pin_list>
<bind>
<opcode="add(8) " fcode="add"/>
<opset="sum/7 "/>
</bind>
</comp>

<comp id="174" class="1005" name="x_read_reg_174">
<pin_list>
<pin id="175" dir="0" index="0" bw="32" slack="1"/>
<pin id="176" dir="1" index="1" bw="32" slack="1"/>
</pin_list>
<bind>
<opset="x_read "/>
</bind>
</comp>

<comp id="180" class="1005" name="sext_ln12_reg_180">
<pin_list>
<pin id="181" dir="0" index="0" bw="32" slack="1"/>
<pin id="182" dir="1" index="1" bw="32" slack="1"/>
</pin_list>
<bind>
<opset="sext_ln12 "/>
</bind>
</comp>

<comp id="189" class="1005" name="icmp_ln14_reg_189">
<pin_list>
<pin id="190" dir="0" index="0" bw="1" slack="1"/>
<pin id="191" dir="1" index="1" bw="1" slack="2147483647"/>
</pin_list>
<bind>
<opset="icmp_ln14 "/>
</bind>
</comp>

<comp id="193" class="1005" name="arr_addr_reg_193">
<pin_list>
<pin id="194" dir="0" index="0" bw="4" slack="1"/>
<pin id="195" dir="1" index="1" bw="4" slack="1"/>
</pin_list>
<bind>
<opset="arr_addr "/>
</bind>
</comp>

<comp id="198" class="1005" name="data_reg_198">
<pin_list>
<pin id="199" dir="0" index="0" bw="32" slack="1"/>
<pin id="200" dir="1" index="1" bw="32" slack="1"/>
</pin_list>
<bind>
<opset="data "/>
</bind>
</comp>

<comp id="203" class="1005" name="c_addr_reg_203">
<pin_list>
<pin id="204" dir="0" index="0" bw="4" slack="1"/>
<pin id="205" dir="1" index="1" bw="4" slack="1"/>
</pin_list>
<bind>
<opset="c_addr "/>
</bind>
</comp>

<comp id="208" class="1005" name="i_reg_208">
<pin_list>
<pin id="209" dir="0" index="0" bw="5" slack="1"/>
<pin id="210" dir="1" index="1" bw="5" slack="1"/>
</pin_list>
<bind>
<opset="i "/>
</bind>
</comp>

<comp id="213" class="1005" name="c_load_reg_213">
<pin_list>
<pin id="214" dir="0" index="0" bw="32" slack="1"/>
<pin id="215" dir="1" index="1" bw="32" slack="1"/>
</pin_list>
<bind>
<opset="c_load "/>
</bind>
</comp>

<comp id="218" class="1005" name="mul_ln24_reg_218">
<pin_list>
<pin id="219" dir="0" index="0" bw="32" slack="1"/>
<pin id="220" dir="1" index="1" bw="32" slack="1"/>
</pin_list>
<bind>
<opset="mul_ln24 "/>
</bind>
</comp>

<comp id="223" class="1005" name="sum_reg_223">
<pin_list>
<pin id="224" dir="0" index="0" bw="32" slack="1"/>
<pin id="225" dir="1" index="1" bw="32" slack="1"/>
</pin_list>
<bind>
<opset="sum "/>
</bind>
</comp>

</comp_list>

<net_list>
<net id="46"><net_src comp="14" pin="0"/><net_sink comp="42" pin=0"/></net>

<net id="47"><net_src comp="4" pin="0"/><net_sink comp="42" pin=1"/></net>

<net id="53"><net_src comp="40" pin="0"/><net_sink comp="48" pin=0"/></net>

<net id="54"><net_src comp="0" pin="0"/><net_sink comp="48" pin=1"/></net>

<net id="60"><net_src comp="6" pin="0"/><net_sink comp="55" pin=0"/></net>

<net id="61"><net_src comp="36" pin="0"/><net_sink comp="55" pin=1"/></net>

<net id="67"><net_src comp="55" pin="3"/><net_sink comp="62" pin=0"/></net>

<net id="68"><net_src comp="38" pin="0"/><net_sink comp="62" pin=0"/></net>

<net id="74"><net_src comp="6" pin="0"/><net_sink comp="69" pin=0"/></net>

<net id="75"><net_src comp="36" pin="0"/><net_sink comp="69" pin=1"/></net>

<net id="76"><net_src comp="62" pin="3"/><net_sink comp="62" pin=1"/></net>

<net id="77"><net_src comp="69" pin="3"/><net_sink comp="62" pin=0"/></net>

<net id="83"><net_src comp="2" pin="0"/><net_sink comp="78" pin=0"/></net>

<net id="84"><net_src comp="36" pin="0"/><net_sink comp="78" pin=1"/></net>

<net id="90"><net_src comp="78" pin="3"/><net_sink comp="85" pin=0"/></net>

<net id="94"><net_src comp="16" pin="0"/><net_sink comp="91" pin=0"/></net>

<net id="101"><net_src comp="91" pin="1"/><net_sink comp="95" pin=0"/></net>

<net id="102"><net_src comp="95" pin="4"/><net_sink comp="48" pin=2"/></net>

<net id="103"><net_src comp="95" pin="4"/><net_sink comp="91" pin=0"/></net>

<net id="107"><net_src comp="18" pin="0"/><net_sink comp="104" pin=0"/></net>

<net id="114"><net_src comp="104" pin="1"/><net_sink comp="108" pin=0"/></net>

<net id="115"><net_src comp="108" pin="4"/><net_sink comp="104" pin=0"/></net>

<net id="125"><net_src comp="119" pin="4"/><net_sink comp="116" pin=0"/></net>

<net id="130"><net_src comp="108" pin="4"/><net_sink comp="126" pin=0"/></net>

<net id="131"><net_src comp="34" pin="0"/><net_sink comp="126" pin=1"/></net>

<net id="132"><net_src comp="104" pin="1"/><net_sink comp="126" pin=0"/></net>

<net id="136"><net_src comp="108" pin="4"/><net_sink comp="133" pin=0"/></net>

<net id="142"><net_src comp="20" pin="0"/><net_sink comp="137" pin=0"/></net>

<net id="143"><net_src comp="108" pin="4"/><net_sink comp="137" pin=1"/></net>

<net id="144"><net_src comp="22" pin="0"/><net_sink comp="137" pin=2"/></net>

<net id="149"><net_src comp="108" pin="4"/><net_sink comp="145" pin=0"/></net>

<net id="150"><net_src comp="32" pin="0"/><net_sink comp="145" pin=1"/></net>

<net id="154"><net_src comp="126" pin="2"/><net_sink comp="151" pin=0"/></net>

<net id="155"><net_src comp="151" pin="1"/><net_sink comp="55" pin=2"/></net>

<net id="159"><net_src comp="156" pin="1"/><net_sink comp="69" pin=2"/></net>

<net id="163"><net_src comp="160" pin="1"/><net_sink comp="78" pin=2"/></net>

<net id="168"><net_src comp="116" pin="1"/><net_sink comp="164" pin=1"/></net>

<net id="173"><net_src comp="91" pin="1"/><net_sink comp="169" pin=1"/></net>

<net id="177"><net_src comp="42" pin="2"/><net_sink comp="174" pin=0"/></net>

<net id="178"><net_src comp="174" pin="1"/><net_sink comp="62" pin=1"/></net>

<net id="179"><net_src comp="174" pin="1"/><net_sink comp="119" pin=0"/></net>

<net id="183"><net_src comp="133" pin="1"/><net_sink comp="180" pin=0"/></net>

<net id="184"><net_src comp="180" pin="1"/><net_sink comp="156" pin=0"/></net>

<net id="185"><net_src comp="180" pin="1"/><net_sink comp="160" pin=0"/></net>

<net id="192"><net_src comp="145" pin="2"/><net_sink comp="189" pin=0"/></net>

<net id="196"><net_src comp="55" pin="3"/><net_sink comp="193" pin=0"/></net>

<net id="197"><net_src comp="193" pin="1"/><net_sink comp="62" pin=0"/></net>

<net id="201"><net_src comp="62" pin="3"/><net_sink comp="198" pin=0"/></net>

<net id="202"><net_src comp="198" pin="1"/><net_sink comp="119" pin=2"/></net>

<net id="206"><net_src comp="78" pin="3"/><net_sink comp="203" pin=0"/></net>

<net id="207"><net_src comp="203" pin="1"/><net_sink comp="85" pin=0"/></net>

<net id="211"><net_src comp="126" pin="2"/><net_sink comp="208" pin=0"/></net>

<net id="212"><net_src comp="208" pin="1"/><net_sink comp="108" pin=2"/></net>

<net id="216"><net_src comp="85" pin="3"/><net_sink comp="213" pin=0"/></net>

<net id="217"><net_src comp="213" pin="1"/><net_sink comp="164" pin=0"/></net>

<net id="221"><net_src comp="164" pin="2"/><net_sink comp="218" pin=0"/></net>

<net id="222"><net_src comp="218" pin="1"/><net_sink comp="169" pin=0"/></net>

<net id="226"><net_src comp="169" pin="2"/><net_sink comp="223" pin=0"/></net>

<net id="227"><net_src comp="223" pin="1"/><net_sink comp="95" pin=2"/></net>

</net_list>

</model> 
---------------- Datapath Model END ------------------

* FSMD analyzer results:
  - Output states:
	Port: y | {2 }
	Port: arr | {2 3 }
 - Input state : 
	Port: lec10ex1 : c | {3 4 }
	Port: lec10ex1 : x | {1 }
	Port: lec10ex1 : arr | {2 3 }
  - Chain level:
	State 1
	State 2
		sext_ln12 : 1
		tmp : 1
		br_ln12 : 2
		icmp_ln14 : 1
		br_ln14 : 2
		add_ln21 : 1
		zext_ln21 : 2
		arr_addr : 3
		data : 4
		write_ln27 : 1
	State 3
		arr_addr_1 : 1
		store_ln21 : 2
		c_addr : 1
		c_load : 2
	State 4
	State 5
	State 6
	State 7


============================================================
+ Verbose Summary: Datapath Resource usage 
============================================================

* Functional unit list:
|----------|------------------------|---------|---------|---------|
| Operation|     Functional Unit    |  DSP48E |    FF   |   LUT   |
|----------|------------------------|---------|---------|---------|
|    mul   |       grp_fu_164       |    3    |   165   |    49   |
|----------|------------------------|---------|---------|---------|
|    add   |       grp_fu_126       |    0    |    0    |    15   |
|          |       sum_fu_169       |    0    |    0    |    39   |
|----------|------------------------|---------|---------|---------|
|   icmp   |    icmp_ln14_fu_145    |    0    |    0    |    11   |
|----------|------------------------|---------|---------|---------|
|   read   |    x_read_read_fu_42   |    0    |    0    |    0    |
|----------|------------------------|---------|---------|---------|
|   write  | write_ln27_write_fu_48 |    0    |    0    |    0    |
|----------|------------------------|---------|---------|---------|
|   sext   |    sext_ln12_fu_133    |    0    |    0    |    0    |
|----------|------------------------|---------|---------|---------|
| bitselect|       tmp_fu_137       |    0    |    0    |    0    |
|----------|------------------------|---------|---------|---------|
|          |    zext_ln21_fu_151    |    0    |    0    |    0    |
|   zext   |   zext_ln21_1_fu_156   |    0    |    0    |    0    |
|          |    zext_ln24_fu_160    |    0    |    0    |    0    |
|----------|------------------------|---------|---------|---------|
|   Total  |                        |    3    |   165   |   114   |
|----------|------------------------|---------|---------|---------|

Memories:
+----+--------+--------+--------+--------+
|    |  BRAM  |   FF   |   LUT  |  URAM  |
+----+--------+--------+--------+--------+
| arr|    0   |   64   |    6   |    0   |
+----+--------+--------+--------+--------+
|Total|    0   |   64   |    6   |    0   |
+----+--------+--------+--------+--------+

* Register list:
+-----------------+--------+
|                 |   FF   |
+-----------------+--------+
| arr_addr_reg_193|    4   |
|  c_addr_reg_203 |    4   |
|  c_load_reg_213 |   32   |
|  data_0_reg_116 |   32   |
|   data_reg_198  |   32   |
|   i_0_reg_104   |    5   |
|    i_reg_208    |    5   |
|icmp_ln14_reg_189|    1   |
| mul_ln24_reg_218|   32   |
|sext_ln12_reg_180|   32   |
|   sum_0_reg_91  |   32   |
|   sum_reg_223   |   32   |
|  x_read_reg_174 |   32   |
+-----------------+--------+
|      Total      |   275  |
+-----------------+--------+

* Multiplexer (MUX) list: 
|------------------|------|------|------|--------||---------||---------|
|       Comp       |  Pin | Size |  BW  | S x BW ||  Delay  ||   LUT   |
|------------------|------|------|------|--------||---------||---------|
| grp_access_fu_62 |  p0  |   4  |   4  |   16   ||    21   |
| grp_access_fu_62 |  p1  |   2  |  32  |   64   ||    9    |
| grp_access_fu_85 |  p0  |   2  |   4  |    8   ||    9    |
|   sum_0_reg_91   |  p0  |   2  |  32  |   64   ||    9    |
|    i_0_reg_104   |  p0  |   2  |   5  |   10   ||    9    |
|    grp_fu_126    |  p0  |   2  |   5  |   10   ||    9    |
|------------------|------|------|------|--------||---------||---------|
|       Total      |      |      |      |   172  ||  4.526  ||    66   |
|------------------|------|------|------|--------||---------||---------|



* Summary:
+-----------+--------+--------+--------+--------+--------+--------+
|           |  BRAM  | DSP48E |  Delay |   FF   |   LUT  |  URAM  |
+-----------+--------+--------+--------+--------+--------+--------+
|  Function |    -   |    3   |    -   |   165  |   114  |    -   |
|   Memory  |    0   |    -   |    -   |   64   |    6   |    0   |
|Multiplexer|    -   |    -   |    4   |    -   |   66   |    -   |
|  Register |    -   |    -   |    -   |   275  |    -   |    -   |
+-----------+--------+--------+--------+--------+--------+--------+
|   Total   |    0   |    3   |    4   |   504  |   186  |    0   |
+-----------+--------+--------+--------+--------+--------+--------+
