INFO-FLOW: Workspace /scratch/whoami/assignment_5/Assignment_5/solution1 opened at Mon May 05 16:52:22 CDT 2025
Execute     config_clock -quiet -name default -period 10 -default=false 
INFO: [SYN 201-201] Setting up clock 'default' with a period of 10ns.
Execute     open_platform DefaultPlatform 
Execute     import_lib /opt/Xilinx/Vivado/2020.1/common/technology/xilinx/virtexuplus/virtexuplus 
Execute       source /opt/Xilinx/Vivado/2020.1/common/technology/xilinx/common/xilinx.lib 
Execute         source /opt/Xilinx/Vivado/2020.1/common/technology/xilinx/interface/xilinx_interface.lib 
Execute           source /opt/Xilinx/Vivado/2020.1/common/technology/xilinx/interface/plb46.lib 
Execute           source /opt/Xilinx/Vivado/2020.1/common/technology/xilinx/interface/fsl.lib 
Execute           source /opt/Xilinx/Vivado/2020.1/common/technology/xilinx/interface/axi4.lib 
Execute           source /opt/Xilinx/Vivado/2020.1/common/technology/xilinx/interface/maxi.lib 
Execute           source /opt/Xilinx/Vivado/2020.1/common/technology/xilinx/interface/saxilite.lib 
Execute         source /opt/Xilinx/Vivado/2020.1/common/technology/xilinx/common/dsp48.lib 
Execute         source /opt/Xilinx/Vivado/2020.1/common/technology/xilinx/ip/xfft.lib 
Execute         source /opt/Xilinx/Vivado/2020.1/common/technology/xilinx/ip/dds_compiler.lib 
Execute         source /opt/Xilinx/Vivado/2020.1/common/technology/xilinx/ip/xfir.lib 
Execute       source /opt/Xilinx/Vivado/2020.1/common/technology/xilinx/common/xilinx.hlp 
Execute         source /opt/Xilinx/Vivado/2020.1/common/technology/xilinx/common/target_info.tcl 
Execute         source /opt/Xilinx/Vivado/2020.1/common/technology/xilinx/interface/xilinx_interface.hlp 
Execute           source /opt/Xilinx/Vivado/2020.1/common/technology/xilinx/interface/maxi.hlp 
Execute           source /opt/Xilinx/Vivado/2020.1/common/technology/xilinx/interface/saxilite.hlp 
Execute         source /opt/Xilinx/Vivado/2020.1/common/technology/xilinx/common/dsp48.hlp 
Execute       source /opt/Xilinx/Vivado/2020.1/common/technology/xilinx/virtexuplus/dsp48e2.hlp 
Execute       source /opt/Xilinx/Vivado/2020.1/common/technology/xilinx/common/xilinx.hlp 
Execute         source /opt/Xilinx/Vivado/2020.1/common/technology/xilinx/common/target_info.tcl 
Execute         source /opt/Xilinx/Vivado/2020.1/common/technology/xilinx/interface/xilinx_interface.hlp 
Execute           source /opt/Xilinx/Vivado/2020.1/common/technology/xilinx/interface/maxi.hlp 
Execute           source /opt/Xilinx/Vivado/2020.1/common/technology/xilinx/interface/saxilite.hlp 
Execute         source /opt/Xilinx/Vivado/2020.1/common/technology/xilinx/common/dsp48.hlp 
Execute     source /opt/Xilinx/Vivado/2020.1/common/technology/xilinx/virtexuplus/virtexuplus.gen 
Execute       source /opt/Xilinx/Vivado/2020.1/common/technology/xilinx/common/xilinx.gen 
Execute         source /opt/Xilinx/Vivado/2020.1/common/technology/xilinx/interface/plb46.gen 
Execute         source /opt/Xilinx/Vivado/2020.1/common/technology/xilinx/interface/fsl.gen 
Execute         source /opt/Xilinx/Vivado/2020.1/common/technology/xilinx/interface/axi4.gen 
Execute         source /opt/Xilinx/Vivado/2020.1/common/technology/xilinx/interface/nativeAXI4.gen 
Execute           source /opt/Xilinx/Vivado/2020.1/common/technology/xilinx/interface/saxilite.gen 
Execute           source /opt/Xilinx/Vivado/2020.1/common/technology/xilinx/interface/maxi.gen 
Execute         source /opt/Xilinx/Vivado/2020.1/common/technology/xilinx/scripts/xilinxcoregen.gen 
Execute         source /opt/Xilinx/Vivado/2020.1/common/technology/xilinx/interface/XilEDKCoreGen.gen 
Execute         source /opt/Xilinx/Vivado/2020.1/common/technology/xilinx/ip/dds_compiler.gen 
Execute         source /opt/Xilinx/Vivado/2020.1/common/technology/xilinx/ip/util.gen 
Execute         source /opt/Xilinx/Vivado/2020.1/common/technology/xilinx/ip/xfft.gen 
Command         ap_source done; 0.12 sec.
Execute         source /opt/Xilinx/Vivado/2020.1/common/technology/xilinx/ip/xfir.gen 
Execute         source /opt/Xilinx/Vivado/2020.1/common/technology/xilinx/common/dsp48.gen 
Command       ap_source done; 0.17 sec.
Command     ap_source done; 0.17 sec.
Execute     open_platform DefaultPlatform 
Execute     import_lib /opt/Xilinx/Vivado/2020.1/common/technology/xilinx/virtexuplus/virtexuplus_fpv7 
Execute       source /opt/Xilinx/Vivado/2020.1/common/technology/xilinx/common/xilinx_fp.lib 
Execute       source /opt/Xilinx/Vivado/2020.1/common/technology/xilinx/common/xilinx_fp.hlp 
Execute         source /opt/Xilinx/Vivado/2020.1/common/technology/xilinx/common/xilinx.hlp 
Execute           source /opt/Xilinx/Vivado/2020.1/common/technology/xilinx/common/target_info.tcl 
Execute           source /opt/Xilinx/Vivado/2020.1/common/technology/xilinx/interface/xilinx_interface.hlp 
Execute             source /opt/Xilinx/Vivado/2020.1/common/technology/xilinx/interface/maxi.hlp 
Execute             source /opt/Xilinx/Vivado/2020.1/common/technology/xilinx/interface/saxilite.hlp 
Execute           source /opt/Xilinx/Vivado/2020.1/common/technology/xilinx/common/dsp48.hlp 
Execute     source /opt/Xilinx/Vivado/2020.1/common/technology/xilinx/virtexuplus/virtexuplus_fpv7.gen 
Execute       source /opt/Xilinx/Vivado/2020.1/common/technology/xilinx/common/xilinx_fp.gen 
Execute     set_part xcvu9p-flga2104-1-i 
Execute       ap_part_info -name xcvu9p-flga2104-1-i -data single -quiet 
Command       ap_part_info done; 2.66 sec.
Execute       ap_part_info -name xcvu9p-flga2104-1-i -data info 
Execute       add_library xilinx/virtexuplus/virtexuplus:xcvu9p:-flga2104:-1-i 
Execute         get_default_platform 
Execute         ap_part_info -data single -name xcvu9p-flga2104-1-i 
Execute         ap_part_info -name xcvu9p-flga2104-1-i -data resources 
Execute         ap_part_info -name xcvu9p-flga2104-1-i -data info 
Execute         ap_part_info -name xcvu9p-flga2104-1-i -data info 
Execute         config_chip_info -quiet -resource {SLICE 147780} {LUT 1182240} {FF 2364480} {DSP48E 6840} {BRAM 4320} {URAM 960} {SLR 3} 
Execute         ap_part_info -name xcvu9p-flga2104-1-i -data info 
Execute         config_chip_info -quiet -speed slow 
Execute       add_library xilinx/virtexuplus/virtexuplus_fpv7 
Execute         get_default_platform 
INFO: [HLS 200-10] Setting target device to 'xcvu9p-flga2104-1-i'
Execute       ap_part_info -name xcvu9p-flga2104-1-i -data info 
Execute       get_default_platform 
Command     set_part done; 2.89 sec.
Execute     ap_part_info -data single -name xcvu9p-flga2104-1-i 
Execute     ap_part_info -name xcvu9p-flga2104-1-i -data resources 
Execute     ap_part_info -name xcvu9p-flga2104-1-i -data info 
Execute     ap_part_info -name xcvu9p-flga2104-1-i -data info 
Execute     config_chip_info -quiet -resource {SLICE 147780} {LUT 1182240} {FF 2364480} {DSP48E 6840} {BRAM 4320} {URAM 960} {SLR 3} 
Execute     ap_part_info -name xcvu9p-flga2104-1-i -data info 
Execute     config_chip_info -quiet -speed slow 
Command   open_solution done; 3.17 sec.
Execute   set_part xcvu9p-flga2104-1-i 
Execute     ap_part_info -name xcvu9p-flga2104-1-i -data single -quiet 
Execute     ap_part_info -name xcvu9p-flga2104-1-i -data info 
Execute     add_library xilinx/virtexuplus/virtexuplus:xcvu9p:-flga2104:-1-i 
Execute       get_default_platform 
Execute       ap_part_info -data single -name xcvu9p-flga2104-1-i 
Execute       ap_part_info -name xcvu9p-flga2104-1-i -data resources 
Execute       ap_part_info -name xcvu9p-flga2104-1-i -data info 
Execute       ap_part_info -name xcvu9p-flga2104-1-i -data info 
Execute       config_chip_info -quiet -resource {SLICE 147780} {LUT 1182240} {FF 2364480} {DSP48E 6840} {BRAM 4320} {URAM 960} {SLR 3} 
Execute       ap_part_info -name xcvu9p-flga2104-1-i -data info 
Execute       config_chip_info -quiet -speed slow 
Execute     add_library xilinx/virtexuplus/virtexuplus_fpv7 
Execute       get_default_platform 
Execute     ap_part_info -name xcvu9p-flga2104-1-i -data info 
Execute     get_default_platform 
Command   set_part done; 0.21 sec.
Execute   create_clock -period 10 -name default 
Execute     config_clock -quiet -name default -period 10 -default=false 
INFO: [SYN 201-201] Setting up clock 'default' with a period of 10ns.
Execute   csynth_design 
Execute     get_config_compile -dump_cfg 
Execute     get_config_compile -effort 
Execute     get_config_compile -enable_clang39 
Execute     get_config_compile -g 
Execute     get_config_compile -ng 
Execute     get_config_compile -opt_fp 
Execute     get_config_compile -skip_cdt 
Execute     get_config_compile -skip_syncheck 
Execute     get_config_compile -skip_transform 
Execute     get_config_compile -keep_printf 
Execute     elaborate -effort=medium -skip_syncheck=0 -keep_printf=0 -skip_cdt=0 -skip_transform=0 -ng=0 -g=0 -opt_fp=0 -from_csynth_design=1 
Execute       get_config_schedule -relax_ii_for_timing 
INFO: [SCHED 204-61] Option 'relax_ii_for_timing' is enabled, will increase II to preserve clock frequency constraints.
Execute       get_config_schedule -suppress_dependence_error_break 
INFO: [HLS 200-10] Analyzing design file 'assignment_5.cpp' ... 
INFO-FLOW: Compiling one TU...
Execute       is_m_axi_addr64 
INFO-FLOW: Handling assignment_5.cpp as C++
Execute       ap_part_info -name xcvu9p-flga2104-1-i -data info 
Execute       is_encrypted assignment_5.cpp 
Execute       ap_part_info -name xcvu9p-flga2104-1-i -data info 
INFO-FLOW: Running: GCC PP
INFO-FLOW: Source preprocessing
Execute       clang  -fno-limit-debug-info -gcc-toolchain "/opt/Xilinx/Vivado/2020.1/lnx64/tools/gcc" -hls  -fno-exceptions  -D__llvm__  -E "assignment_5.cpp"     -fno-math-errno -c -emit-llvm -O0  -mllvm -disable-llvm-optzns -fno-threadsafe-statics  -fno-use-cxa-atexit  -fno-threadsafe-statics -fno-use-cxa-atexit -D__CLANG_3_1__ -DAESL_SYN -D__SYNTHESIS__ -D__HLS_SYN__ -I "/opt/Xilinx/Vivado/2020.1/common/technology/autopilot" -I "/opt/Xilinx/Vivado/2020.1/common/technology/autopilot/ap_sysc" -include etc/autopilot_ssdm_op.h -D__DSP48E2__  -o "/scratch/whoami/assignment_5/Assignment_5/solution1/.autopilot/db/assignment_5.pp.0.cpp" 
INFO-FLOW: exec /opt/Xilinx/Vivado/2020.1/lnx64/tools/clang/bin/clang -fno-limit-debug-info -gcc-toolchain /opt/Xilinx/Vivado/2020.1/lnx64/tools/gcc -hls -fno-exceptions -D__llvm__ -E assignment_5.cpp -fno-math-errno -c -emit-llvm -O0 -mllvm -disable-llvm-optzns -fno-threadsafe-statics -fno-use-cxa-atexit -fno-threadsafe-statics -fno-use-cxa-atexit -D__CLANG_3_1__ -DAESL_SYN -D__SYNTHESIS__ -D__HLS_SYN__ -I /opt/Xilinx/Vivado/2020.1/common/technology/autopilot -I /opt/Xilinx/Vivado/2020.1/common/technology/autopilot/ap_sysc -include etc/autopilot_ssdm_op.h -D__DSP48E2__ -o /scratch/whoami/assignment_5/Assignment_5/solution1/.autopilot/db/assignment_5.pp.0.cpp
Command       clang done; 2.91 sec.
Execute       tidy_31 xilinx-xfmat-array-geometry /scratch/whoami/assignment_5/Assignment_5/solution1/.autopilot/db/assignment_5.pp.0.cpp std=gnu++98 
INFO-FLOW: exec /opt/Xilinx/Vivado/2020.1/lnx64/tools/clang-3.9-csynth/bin/tidy-3.1 -header-filter=.* -checks=-*,xilinx-xfmat-array-geometry -quiet -fix /scratch/whoami/assignment_5/Assignment_5/solution1/.autopilot/db/assignment_5.pp.0.cpp -- -std=gnu++98 -fhls -ferror-limit=0
INFO-FLOW: Syntax Checking before pre-processing...
Execute       clang -syntaxcheck -src /scratch/whoami/assignment_5/Assignment_5/solution1/.autopilot/db/assignment_5.pp.0.cpp  -fno-limit-debug-info -gcc-toolchain "/opt/Xilinx/Vivado/2020.1/lnx64/tools/gcc" -hls    -fno-math-errno -c -emit-llvm -O0  -mllvm -disable-llvm-optzns -fno-threadsafe-statics  -fno-use-cxa-atexit  -fno-threadsafe-statics -fno-use-cxa-atexit -D__CLANG_3_1__ -DAESL_SYN -D__SYNTHESIS__ -D__HLS_SYN__ -I "/opt/Xilinx/Vivado/2020.1/common/technology/autopilot" -I "/opt/Xilinx/Vivado/2020.1/common/technology/autopilot/ap_sysc" -include etc/autopilot_ssdm_op.h -D__DSP48E2__  "/scratch/whoami/assignment_5/Assignment_5/solution1/.autopilot/db/assignment_5.pp.0.cpp"  -o "/scratch/whoami/assignment_5/Assignment_5/solution1/.autopilot/db/useless.bc"  
INFO-FLOW: exec /opt/Xilinx/Vivado/2020.1/lnx64/tools/clang/bin/clang -fno-limit-debug-info -gcc-toolchain /opt/Xilinx/Vivado/2020.1/lnx64/tools/gcc -hls -fno-math-errno -c -emit-llvm -O0 -mllvm -disable-llvm-optzns -fno-threadsafe-statics -fno-use-cxa-atexit -fno-threadsafe-statics -fno-use-cxa-atexit -D__CLANG_3_1__ -DAESL_SYN -D__SYNTHESIS__ -D__HLS_SYN__ -I /opt/Xilinx/Vivado/2020.1/common/technology/autopilot -I /opt/Xilinx/Vivado/2020.1/common/technology/autopilot/ap_sysc -include etc/autopilot_ssdm_op.h -D__DSP48E2__ /scratch/whoami/assignment_5/Assignment_5/solution1/.autopilot/db/assignment_5.pp.0.cpp -o /scratch/whoami/assignment_5/Assignment_5/solution1/.autopilot/db/useless.bc
Command       clang done; 2.92 sec.
INFO-FLOW: Done: GCC PP time: 5.9 seconds per iteration
Execute       source /opt/Xilinx/Vivado/2020.1/tps/tcl/tcllib1.11.1/yaml/huddle.tcl 
Execute       source /opt/Xilinx/Vivado/2020.1/tps/tcl/tcllib1.11.1/yaml/json2huddle.tcl 
Execute         source /opt/Xilinx/Vivado/2020.1/tps/tcl/tcllib1.11.1/try/try.tcl 
Execute       list_core -type functional_unit 
Execute       tidy_31 xilinx-systemc-detector /scratch/whoami/assignment_5/Assignment_5/solution1/.autopilot/db/assignment_5.pp.0.cpp std=gnu++98 -directive=/scratch/whoami/assignment_5/Assignment_5/solution1/.autopilot/db/.systemc_flag 
INFO-FLOW: exec /opt/Xilinx/Vivado/2020.1/lnx64/tools/clang-3.9-csynth/bin/tidy-3.1 -header-filter=.* -checks=-*,xilinx-systemc-detector -import-directive=/scratch/whoami/assignment_5/Assignment_5/solution1/.autopilot/db/.systemc_flag -quiet -fix-errors /scratch/whoami/assignment_5/Assignment_5/solution1/.autopilot/db/assignment_5.pp.0.cpp -- -std=gnu++98 -fhls -ferror-limit=0
INFO-FLOW: Running: tidy-3.1 CDT preprocess
Execute       tidy_31 xilinx-directive2pragma /scratch/whoami/assignment_5/Assignment_5/solution1/.autopilot/db/assignment_5.pp.0.cpp std=gnu++98 -directive=/scratch/whoami/assignment_5/Assignment_5/solution1/.autopilot/db/all.directive.json 
INFO-FLOW: exec /opt/Xilinx/Vivado/2020.1/lnx64/tools/clang-3.9-csynth/bin/tidy-3.1 -header-filter=.* -checks=-*,xilinx-directive2pragma -import-directive=/scratch/whoami/assignment_5/Assignment_5/solution1/.autopilot/db/all.directive.json -quiet -fix-errors /scratch/whoami/assignment_5/Assignment_5/solution1/.autopilot/db/assignment_5.pp.0.cpp -- -std=gnu++98 -fhls -ferror-limit=0
Execute       get_config_dataflow -strict_mode 
Execute       ap_eval exec -ignorestderr /opt/Xilinx/Vivado/2020.1/lnx64/tools/clang-3.9-csynth/bin/xilinx-dataflow-lawyer -export-fixes=/scratch/whoami/assignment_5/Assignment_5/solution1/.autopilot/db/xilinx-dataflow-lawyer.assignment_5.pp.0.cpp.diag.yml /scratch/whoami/assignment_5/Assignment_5/solution1/.autopilot/db/assignment_5.pp.0.cpp -- -std=gnu++98 -fhls -ferror-limit=0 -fstrict-dataflow > /scratch/whoami/assignment_5/Assignment_5/solution1/.autopilot/db/xilinx-dataflow-lawyer.assignment_5.pp.0.cpp.out.log 2> /scratch/whoami/assignment_5/Assignment_5/solution1/.autopilot/db/xilinx-dataflow-lawyer.assignment_5.pp.0.cpp.err.log 
Execute       tidy_31 -errorcheck xilinx-constantarray-param,xilinx-resource-pragma-transformer,xilinx-xfmat-array-geometry /scratch/whoami/assignment_5/Assignment_5/solution1/.autopilot/db/assignment_5.pp.0.cpp std=gnu++98 
Execute         ap_eval exec -ignorestderr /opt/Xilinx/Vivado/2020.1/lnx64/tools/clang-3.9-csynth/bin/tidy-3.1 -export-fixes=/scratch/whoami/assignment_5/Assignment_5/solution1/.autopilot/db/tidy-3.1.assignment_5.pp.0.cpp.diag.yml -header-filter=.* -checks=-*,xilinx-constantarray-param,xilinx-resource-pragma-transformer,xilinx-xfmat-array-geometry -quiet -fix-errors /scratch/whoami/assignment_5/Assignment_5/solution1/.autopilot/db/assignment_5.pp.0.cpp -- -std=gnu++98 -fhls -ferror-limit=0 > /scratch/whoami/assignment_5/Assignment_5/solution1/.autopilot/db/tidy-3.1.assignment_5.pp.0.cpp.out.log 2> /scratch/whoami/assignment_5/Assignment_5/solution1/.autopilot/db/tidy-3.1.assignment_5.pp.0.cpp.err.log 
Execute         source /opt/Xilinx/Vivado/2020.1/tps/tcl/tcllib1.11.1/yaml/yaml.tcl 
Execute           source /opt/Xilinx/Vivado/2020.1/tps/tcl/tcllib1.11.1/cmdline/cmdline.tcl 
Execute         ap_eval exec -ignorestderr /opt/Xilinx/Vivado/2020.1/lnx64/tools/clang-3.9-csynth/bin/xilinx-legacy-rewriter /scratch/whoami/assignment_5/Assignment_5/solution1/.autopilot/db/assignment_5.pp.0.cpp -- -std=gnu++98 -fhls -ferror-limit=0 > /scratch/whoami/assignment_5/Assignment_5/solution1/.autopilot/db/xilinx-legacy-rewriter.assignment_5.pp.0.cpp.out.log 2> /scratch/whoami/assignment_5/Assignment_5/solution1/.autopilot/db/xilinx-legacy-rewriter.assignment_5.pp.0.cpp.err.log 
Command       tidy_31 done; 0.12 sec.
INFO-FLOW: Done: tidy-3.1 CDT preprocess time: 0.2 seconds per iteration
INFO-FLOW: Pragma Handling...
Execute       tidy_31 xilinx-ssdm-intrinsics-arguments /scratch/whoami/assignment_5/Assignment_5/solution1/.autopilot/db/assignment_5.pragma.1.cpp std=gnu++98 
INFO-FLOW: exec /opt/Xilinx/Vivado/2020.1/lnx64/tools/clang-3.9-csynth/bin/tidy-3.1 -header-filter=.* -checks=-*,xilinx-ssdm-intrinsics-arguments -quiet -fix-errors /scratch/whoami/assignment_5/Assignment_5/solution1/.autopilot/db/assignment_5.pragma.1.cpp -- -std=gnu++98 -fhls -ferror-limit=0
Execute       ap_part_info -name xcvu9p-flga2104-1-i -data info 
INFO-FLOW: Processing labels
Execute       clang -src /scratch/whoami/assignment_5/Assignment_5/solution1/.autopilot/db/assignment_5.pragma.2.cpp  -fno-limit-debug-info -gcc-toolchain /opt/Xilinx/Vivado/2020.1/lnx64/tools/gcc -hls -hls-analyze-label -hls-analyze-pragma -fno-exceptions  -D__llvm__  -w  "/scratch/whoami/assignment_5/Assignment_5/solution1/.autopilot/db/assignment_5.pragma.2.cpp"    -fno-math-errno -c -emit-llvm -O0  -mllvm -disable-llvm-optzns -fno-threadsafe-statics  -fno-use-cxa-atexit -DAESL_SYN -D__SYNTHESIS__ -D__HLS_SYN__ -I "/opt/Xilinx/Vivado/2020.1/common/technology/autopilot" -I "/opt/Xilinx/Vivado/2020.1/common/technology/autopilot/ap_sysc" -include etc/autopilot_ssdm_op.h -D__DSP48E2__ -g -o "/scratch/whoami/assignment_5/Assignment_5/solution1/.autopilot/db/assignment_5.bc" 
INFO-FLOW: exec /opt/Xilinx/Vivado/2020.1/lnx64/tools/clang/bin/clang -fno-limit-debug-info -gcc-toolchain /opt/Xilinx/Vivado/2020.1/lnx64/tools/gcc -hls -hls-analyze-label -hls-analyze-pragma -fno-exceptions -D__llvm__ -w /scratch/whoami/assignment_5/Assignment_5/solution1/.autopilot/db/assignment_5.pragma.2.cpp -fno-math-errno -c -emit-llvm -O0 -mllvm -disable-llvm-optzns -fno-threadsafe-statics -fno-use-cxa-atexit -DAESL_SYN -D__SYNTHESIS__ -D__HLS_SYN__ -I /opt/Xilinx/Vivado/2020.1/common/technology/autopilot -I /opt/Xilinx/Vivado/2020.1/common/technology/autopilot/ap_sysc -include etc/autopilot_ssdm_op.h -D__DSP48E2__ -g -o /scratch/whoami/assignment_5/Assignment_5/solution1/.autopilot/db/assignment_5.bc
Command       clang done; 2.92 sec.
INFO-FLOW: Linking Debug ...
Execute       llvm-ld /scratch/whoami/assignment_5/Assignment_5/solution1/.autopilot/db/assignment_5.g.bc -hls-opt -except-internalize matrix_mult -L/opt/Xilinx/Vivado/2020.1/lnx64/lib -lhlsm -lhlsmc++ -o /scratch/whoami/assignment_5/Assignment_5/solution1/.autopilot/db/a.g 
Command       llvm-ld done; 1.47 sec.
INFO: [HLS 200-111] Finished Linking Time (s): cpu = 00:00:15 ; elapsed = 00:00:14 . Memory (MB): peak = 1629.836 ; gain = 1228.703 ; free physical = 85814 ; free virtual = 211296
INFO: [HLS 200-111] Finished Checking Pragmas Time (s): cpu = 00:00:15 ; elapsed = 00:00:14 . Memory (MB): peak = 1629.836 ; gain = 1228.703 ; free physical = 85814 ; free virtual = 211296
Execute       get_config_sdx -target 
Execute       opt_and_import_c a -opt_level=2 -skip_syncheck=0 -ng=0 -keep_printf=0 
Execute         cleanup_all_models 
INFO: [HLS 200-10] Starting code transformations ...
Execute         transform -promote-dbg-pointer /scratch/whoami/assignment_5/Assignment_5/solution1/.autopilot/db/a.pp.bc -o /scratch/whoami/assignment_5/Assignment_5/solution1/.autopilot/db/a.pp.0.bc -f 
Execute         llvm-ld /scratch/whoami/assignment_5/Assignment_5/solution1/.autopilot/db/a.pp.0.bc -disable-opt -L/opt/Xilinx/Vivado/2020.1/lnx64/lib -lfloatconversion -o /scratch/whoami/assignment_5/Assignment_5/solution1/.autopilot/db/a.g.0 
Command         llvm-ld done; 1.46 sec.
INFO-FLOW: Running Standard Transforms...
Execute         transform -hls -share-std-xform -demangle-name -inline-byval-memcpy -always-inline -stream-depth-lower -promote-dbg-pointer -interface-preproc -mem2reg -scalarrepl -mem2reg -keep-read-access -instcombine -dce -promote-dbg-pointer -bitop-raise -loop-simplify -indvarspre -indvars -loop-simplify -xunroll -constprop -instcombine -simplifycfg -indvars -simplifycfg -dce -globaldce -basicaa -simplifycfg -mem2reg -globalopt -global-constprop -deadargelim -instcombine -simplifycfg -prune-eh -simplifycfg -scalarrepl -instcombine -reassociate -licm -simplifycfg -loop-simplify -indvars -instcombine -simplifycfg -mem2reg -loop-simplify -indvars -instcombine -gvn -gvn -instcombine -adce -break-crit-edges -simplifycfg -loop-delete -global-array-opt -dce -dse -adce -find-syn-modules -top matrix_mult -deadargelim -mem2reg -instcombine -dce -presyn-prepare -auto-rom-infer -interface-preproc -syn-check -check-rec-only -find-region -simplifycfg -func-extr -function-inline -globaldce -mem2reg -instcombine -dce -gvn -globaldce -adce -adse -constprop -instcombine -bit-constprop -instcombine -dce -simplifycfg -bitop-raise -simplifycfg -dce -loop-delete -reassociate -globalopt -global-privatize -mem2reg -dce -global-constprop -pointer-simplify -constprop -dce -func-inst -deadargelim -auto-shift-reg-idiom -promote-dbg-pointer -norm-name /scratch/whoami/assignment_5/Assignment_5/solution1/.autopilot/db/a.g.0.bc -o /scratch/whoami/assignment_5/Assignment_5/solution1/.autopilot/db/a.g.1.bc -f -phase std-opt 
INFO: [HLS 200-111] Finished Standard Transforms Time (s): cpu = 00:00:16 ; elapsed = 00:00:16 . Memory (MB): peak = 1629.836 ; gain = 1228.703 ; free physical = 85820 ; free virtual = 211301
INFO: [HLS 200-10] Checking synthesizability ...
INFO-FLOW: Checking Synthesizability 1/2..
Execute         transform -hls -syn-check -check-rec-only -disaggr -scalarrepl -norm-name -dce -mem2reg -instcombine -function-uniquify -directive-preproc -mem2reg -dse -dce -auto-rom-infer -dce -pag -array-normalize -instcombine -dce -warn-fifo-pointer -array-seg-normalize -instcombine -dce -array-flatten -instcombine -dce -array-burst -dce -deadargelim -promote-global-argument -simplifycfg -mem2reg -globaldce -dce -deadargelim -dce -instcombine -function-inline -globaldce -dce -doublePtrSimplify -doublePtrElim -dce -doublePtrSimplify -promote-dbg-pointer -dce -scalarrepl -dse -adse -instcombine -ptrLegalization -simplifycfg -dce -instcombine -pointer-simplify -ptrArgReplace -dce -instcombine -resolve-double-ptr -disaggr -scalarrepl -norm-name -dce -mem2reg -instcombine -ptrLegalization -simplifycfg -deadargelim -instcombine -dce -inst-simplify -function-uniquify -directive-preproc -mem2reg -dse -dce -globaldce -check-dspbuiltin /scratch/whoami/assignment_5/Assignment_5/solution1/.autopilot/db/a.g.1.bc -o /scratch/whoami/assignment_5/Assignment_5/solution1/.autopilot/db/a.g.2.prechk.bc -f 
INFO-FLOW: Checking Synthesizability 2/2..
Execute         transform -syn-check /scratch/whoami/assignment_5/Assignment_5/solution1/.autopilot/db/a.g.2.prechk.bc -o /scratch/whoami/assignment_5/Assignment_5/solution1/.autopilot/db/a.g.2.bc -f -phase syn-check 
INFO: [HLS 200-111] Finished Checking Synthesizability Time (s): cpu = 00:00:16 ; elapsed = 00:00:16 . Memory (MB): peak = 1629.836 ; gain = 1228.703 ; free physical = 85820 ; free virtual = 211302
INFO-FLOW: Compiler optimizing ...
INFO-FLOW: Share syncheck's 1.bc for syn flow: copy /scratch/whoami/assignment_5/Assignment_5/solution1/.autopilot/db/a.g.1.bc to /scratch/whoami/assignment_5/Assignment_5/solution1/.autopilot/db/a.o.1.bc
INFO-FLOW: Presyn 1...
Execute         transform -hls -tmp /scratch/whoami/assignment_5/Assignment_5/solution1/.autopilot/db -interface-port-rename -type-info -function-uniquify -directive-preproc -mem2reg -dse -dce -disaggr -scalarrepl -norm-name -deadargelim -mem2reg -instcombine -dce -simplifycfg -auto-rom-infer -dce -function-uniquify -resource-proc -clib-intrinsic-prepare -dce -func-buffer -dce -pag -array-normalize -func-legal -instcombine -gvn -constprop -dce -simplifycfg -mem2reg -globaldce -resolve-double-ptr -dce -deadargelim -dce -instcombine -ptrArgReplace -mem2reg -dce -array-seg-normalize -deadargelim -instcombine -dce -pointer-simplify -dce -port-alignment -dce -interface-preproc -data-pack -instcombine -dce -basicaa -aggr-aa -aggrmodref-aa -aggr-aa -gvn -gvn -basicaa -aggr-aa -aggrmodref-aa -aggr-aa -dse -adse -adce -loop-simplify -indvars -instcombine -gvn -loop-simplify -mem2reg -dce -find-region -instcombine -auto-loop-pipeline -inst-simplify -interface-preproc -cfgopt -instcombine -indvars -auto-loop-unroll -loop-simplify -loop-bound -xunroll -constprop -instcombine -simplifycfg -indvars -simplifycfg -dce -globaldce -clean-region -attach-range -gvn -inst-simplify -constprop -simplifycfg -dce -pointer-simplify -dce -globalopt -constprop -dce -array-promote -constprop -dce -ptrArgReplace -mem2reg -simplifycfg -dce -auto-par -instcombine -dce -array-transform-check -array-reshape -instcombine -simplifycfg -dce -ptrArgReplace -deadargelim -mem2reg -instcombine -simplifycfg -dce -indvars -loop-simplify -loop-bound -xunroll -constprop -instcombine -simplifycfg -indvars -simplifycfg -dce -globaldce -basicaa -aggr-aa -aggrmodref-aa -aggr-aa -dse -duplicate-dataflow-processes -globaldce -instcombine -array-partition -instcombine -simplifycfg -dce -ptrArgReplace -global-constprop -deadargelim -mem2reg -func-legal -dce -global-constprop -deadargelim -mem2reg -simplifycfg -dce -merge-param -deadargelim -globalopt -constprop -dce -array-promote -constprop -dce -ptrArgReplace -mem2reg -simplifycfg -dce -mem-intrinsic-preproc -dce -global-internalize -global-privatize -mem2reg -globaldce -promote-global-argument -ptrArgReplace -mem2reg -dce -globalopt -mergereturn -simplify-global-access -mem2reg -dce -pointer-simplify -dce -functionattrs -basicaa -aggr-aa -aggrmodref-aa -aggr-aa -gvn -gvn -basicaa -aggr-aa -aggrmodref-aa -aggr-aa -dse -adse -adce -dce -norm-name -function-inline -complex-op-raise -inst-simplify -globaldce -func-inst -constprop -instcombine -simplifycfg -dce -func-legal -dce -loop-bound -arraycheck -bitwidthmin -on-by-dataflow -loop-delete -instcombine -simplifycfg -globaldce -dce -gvn -deadargelim -dce -loop-simplify -clean-region -simplifycfg -propagate-stable-arguments -loop-stream -instcombine -simplifycfg -dce -globaldce -duplicate-dataflow-processes -stream-intrinsic-preproc -dce -check-ap-stream -loop-simplify -eliminate-keepreads -extract-dataflow-in-loop -loop-simplify -dce -gvn -deadargelim -dse -check-dataflow-syntax -legalize-stream-variable -legalize-global -extract-subproc -dce -dead-channel-elimination -canonicalize-gep -globaldce -dce -gvn -deadargelim -annotate-dataflow-channels -scalar-propagation -deadargelim -globaldce -mem2reg -check-dataflow-channels -function-stream -dce -globaldce -prop-fifo-spec -internal-stream-gen -canonicalize-gep -globaldce -dce -gvn -deadargelim -mergereturn -indvars -loop-simplify -instcombine -array-stream -array-seg-normalize -array-partition -func-legal -instcombine -simplifycfg -dce -bundle-memfifo-ops -deadargelim -function-uniquify -directive-preproc -mem2reg -dse -dce -group-axi-access -licm -simplifycfg -dce -loop-delete -norm-name /scratch/whoami/assignment_5/Assignment_5/solution1/.autopilot/db/a.o.1.bc -o /scratch/whoami/assignment_5/Assignment_5/solution1/.autopilot/db/a.o.1.tmp.bc -f 
INFO: [XFORM 203-101] Partitioning array 'A' (assignment_5.cpp:6) in dimension 1 completely.
INFO: [XFORM 203-101] Partitioning array 'B' (assignment_5.cpp:7) in dimension 1 completely.
INFO: [XFORM 203-101] Partitioning array 'A' (assignment_5.cpp:6) in dimension 2 completely.
INFO: [XFORM 203-101] Partitioning array 'B' (assignment_5.cpp:7) in dimension 2 completely.
Command         transform done; 0.12 sec.
INFO-FLOW: Presyn 2...
Execute         transform -hls -keep-callgraph -scalarrepl -mem2reg -port-alignment -attach-range -dce -pipe-mux-gen -indvars -loop-bound -inst-simplify -instcombine -dce -merge-array-access -mem2reg -dce -clean-region -mergereturn -if-conv -instcombine -dce -constprop -basicaa -aggr-aa -aggrmodref-aa -aggr-aa -gvn -gvn -basicaa -aggr-aa -aggrmodref-aa -aggr-aa -dse -adse -adce -scalarrepl -mem2reg -global-constprop -deadargelim -deadargelim -instcombine -dce -simplifycfg -ptrArgReplace -mem2reg -function-inline -globaldce -mem2reg -instcombine -dce -expr-balance -instcombine -dce -bitwidthmin -interface-preproc -directive-preproc -inst-rectify -instcombine -dce -functionattrs -constprop -instcombine -bit-constprop -simplify-global-access -globalopt -globaldce -inst-simplify -instcombine -elimdeaddata -dce -loop-delete -simplifycfg -loop-simplify -auto-burst -norm-name /scratch/whoami/assignment_5/Assignment_5/solution1/.autopilot/db/a.o.1.tmp.bc -o /scratch/whoami/assignment_5/Assignment_5/solution1/.autopilot/db/a.o.2.bc -f -phase presyn 
Command         transform done; 0.12 sec.
INFO: [HLS 200-111] Finished Pre-synthesis Time (s): cpu = 00:00:17 ; elapsed = 00:00:16 . Memory (MB): peak = 1629.836 ; gain = 1228.703 ; free physical = 85807 ; free virtual = 211288
INFO-FLOW: Building ssdm...
Execute         transform -hls -function-uniquify -auto-function-inline -globaldce -ptrArgReplace -mem2reg -dce -reset-lda -loop-simplify -indvars -licm -loop-dep -loop-bound -licm -loop-simplify -flattenloopnest -array-flatten -gvn -instcombine -dce -array-map -dce -func-legal -gvn -adce -instcombine -cfgopt -simplifycfg -loop-simplify -array-burst -promote-global-argument -dce -ptrLegalization -axi4-lower -array-seg-normalize -basicaa -aggrmodref-aa -globalsmodref-aa -aggr-aa -gvn -gvn -basicaa -aggrmodref-aa -globalsmodref-aa -aggr-aa -dse -adse -adce -licm -inst-simplify -dce -globaldce -instcombine -array-stream -eliminate-keepreads -instcombine -dce -deadargelim -doublePtrSimplify -doublePtrElim -dce -doublePtrSimplify -promote-dbg-pointer -dce -scalarrepl -mem2reg -disaggr -norm-name -mem2reg -instcombine -dse -adse -adce -ptrLegalization -dce -auto-rom-infer -array-flatten -dce -instcombine -check-doubleptr -loop-rot -constprop -cfgopt -simplifycfg -loop-simplify -indvars -pointer-simplify -dce -loop-bound -loop-simplify -loop-preproc -constprop -global-constprop -gvn -mem2reg -instcombine -dce -loop-bound -loop-merge -dce -bitwidthmin -deadargelim -dce -canonicalize-dataflow -dce -scalar-propagation -deadargelim -globaldce -mem2reg -read-loop-dep -interface-preproc -directive-preproc -interface-gen -bram-byte-enable -deadargelim -inst-simplify -dce -gvn -mem2reg -instcombine -dce -adse -loop-bound -instcombine -cfgopt -simplifycfg -loop-simplify -clean-region -io-protocol -find-region -mem2reg -bitop-raise -complex-op-raise -inst-simplify -inst-rectify -instcombine -adce -deadargelim -loop-simplify -phi-opt -bitop-raise -cfgopt -simplifycfg -strip-dead-prototypes -interface-lower -bitop-lower -intrinsic-lower -auto-function-inline -basicaa -aggrmodref-aa -globalsmodref-aa -aggr-aa -inst-simplify -simplifycfg -loop-simplify -mergereturn -inst-simplify -inst-rectify -dce -load-elim -bitop-lower -loop-rewind -pointer-simplify -dce -cfgopt -dce -loop-bound -loop-dep -read-loop-dep -dce -check-stream -norm-name -legalize -validate-dataflow -inst-clarity -bitwidth -dump-loop-dep-to-ir -check-all-ssdm -cdfg-build /scratch/whoami/assignment_5/Assignment_5/solution1/.autopilot/db/a.o.2.bc -o /scratch/whoami/assignment_5/Assignment_5/solution1/.autopilot/db/a.o.3.bc -f -phase build-ssdm 
WARNING: [XFORM 203-631] Renaming function 'aesl_mux_load.12i32P.i4' to 'aesl_mux_load.12i32P' (aesl_mux_load.12i32P.i4:1)
INFO: [HLS 200-472] Inferring partial write operation for 'C' (assignment_5.cpp:21:4)
Command         transform done; 0.28 sec.
INFO: [HLS 200-111] Finished Architecture Synthesis Time (s): cpu = 00:00:17 ; elapsed = 00:00:17 . Memory (MB): peak = 1629.836 ; gain = 1228.703 ; free physical = 85806 ; free virtual = 211288
INFO-FLOW: Finish building internal data model.
Command       opt_and_import_c done; 2.07 sec.
Command     elaborate done; 12.78 sec.
Execute     autosyn -from_csynth_design=1 
INFO: [HLS 200-10] Starting hardware synthesis ...
INFO-FLOW: Synthesizing C/C++ design ...
INFO: [HLS 200-10] Synthesizing 'matrix_mult' ...
Execute       ap_set_top_model matrix_mult 
Execute       get_model_list matrix_mult -filter all-wo-channel -topdown 
Execute       preproc_iomode -model matrix_mult 
WARNING: [SYN 201-561] Cannot apply I/O mode 'bram' on port 'A_0_0' changing to the default 'ap_none' mode.
WARNING: [SYN 201-561] Cannot apply I/O mode 'bram' on port 'A_0_1' changing to the default 'ap_none' mode.
WARNING: [SYN 201-561] Cannot apply I/O mode 'bram' on port 'A_0_2' changing to the default 'ap_none' mode.
WARNING: [SYN 201-561] Cannot apply I/O mode 'bram' on port 'A_1_0' changing to the default 'ap_none' mode.
WARNING: [SYN 201-561] Cannot apply I/O mode 'bram' on port 'A_1_1' changing to the default 'ap_none' mode.
WARNING: [SYN 201-561] Cannot apply I/O mode 'bram' on port 'A_1_2' changing to the default 'ap_none' mode.
WARNING: [SYN 201-561] Cannot apply I/O mode 'bram' on port 'A_2_0' changing to the default 'ap_none' mode.
WARNING: [SYN 201-561] Cannot apply I/O mode 'bram' on port 'A_2_1' changing to the default 'ap_none' mode.
WARNING: [SYN 201-561] Cannot apply I/O mode 'bram' on port 'A_2_2' changing to the default 'ap_none' mode.
WARNING: [SYN 201-561] Cannot apply I/O mode 'bram' on port 'A_3_0' changing to the default 'ap_none' mode.
WARNING: [SYN 201-561] Cannot apply I/O mode 'bram' on port 'A_3_1' changing to the default 'ap_none' mode.
WARNING: [SYN 201-561] Cannot apply I/O mode 'bram' on port 'A_3_2' changing to the default 'ap_none' mode.
WARNING: [SYN 201-561] Cannot apply I/O mode 'bram' on port 'B_0_0' changing to the default 'ap_none' mode.
WARNING: [SYN 201-561] Cannot apply I/O mode 'bram' on port 'B_0_1' changing to the default 'ap_none' mode.
WARNING: [SYN 201-561] Cannot apply I/O mode 'bram' on port 'B_0_2' changing to the default 'ap_none' mode.
WARNING: [SYN 201-561] Cannot apply I/O mode 'bram' on port 'B_0_3' changing to the default 'ap_none' mode.
WARNING: [SYN 201-561] Cannot apply I/O mode 'bram' on port 'B_1_0' changing to the default 'ap_none' mode.
WARNING: [SYN 201-561] Cannot apply I/O mode 'bram' on port 'B_1_1' changing to the default 'ap_none' mode.
WARNING: [SYN 201-561] Cannot apply I/O mode 'bram' on port 'B_1_2' changing to the default 'ap_none' mode.
WARNING: [SYN 201-561] Cannot apply I/O mode 'bram' on port 'B_1_3' changing to the default 'ap_none' mode.
WARNING: [SYN 201-561] Cannot apply I/O mode 'bram' on port 'B_2_0' changing to the default 'ap_none' mode.
WARNING: [SYN 201-561] Cannot apply I/O mode 'bram' on port 'B_2_1' changing to the default 'ap_none' mode.
WARNING: [SYN 201-561] Cannot apply I/O mode 'bram' on port 'B_2_2' changing to the default 'ap_none' mode.
WARNING: [SYN 201-561] Cannot apply I/O mode 'bram' on port 'B_2_3' changing to the default 'ap_none' mode.
Execute       preproc_iomode -model aesl_mux_load_12i32P 
Execute       get_model_list matrix_mult -filter all-wo-channel 
INFO-FLOW: Model list for configure: aesl_mux_load_12i32P matrix_mult
INFO-FLOW: Configuring Module : aesl_mux_load_12i32P ...
Execute       set_default_model aesl_mux_load_12i32P 
Execute       apply_spec_resource_limit aesl_mux_load_12i32P 
INFO-FLOW: Configuring Module : matrix_mult ...
Execute       set_default_model matrix_mult 
Execute       apply_spec_resource_limit matrix_mult 
INFO-FLOW: Model list for preprocess: aesl_mux_load_12i32P matrix_mult
INFO-FLOW: Preprocessing Module: aesl_mux_load_12i32P ...
Execute       set_default_model aesl_mux_load_12i32P 
Execute       cdfg_preprocess -model aesl_mux_load_12i32P 
Execute       rtl_gen_preprocess aesl_mux_load_12i32P 
INFO-FLOW: Preprocessing Module: matrix_mult ...
Execute       set_default_model matrix_mult 
Execute       cdfg_preprocess -model matrix_mult 
Execute       rtl_gen_preprocess matrix_mult 
INFO-FLOW: Model list for synthesis: aesl_mux_load_12i32P matrix_mult
INFO: [HLS 200-10] ----------------------------------------------------------------
INFO: [HLS 200-42] -- Implementing module 'aesl_mux_load_12i32P' 
INFO: [HLS 200-10] ----------------------------------------------------------------
Execute       set_default_model aesl_mux_load_12i32P 
Execute       schedule -model aesl_mux_load_12i32P 
INFO: [SCHED 204-11] Starting scheduling ...
INFO: [SCHED 204-11] Finished scheduling.
INFO: [HLS 200-111]  Elapsed time: 16.68 seconds; current allocated memory: 149.068 MB.
Execute       syn_report -verbosereport -o /scratch/whoami/assignment_5/Assignment_5/solution1/.autopilot/db/aesl_mux_load_12i32P.verbose.sched.rpt 
Execute       db_write -o /scratch/whoami/assignment_5/Assignment_5/solution1/.autopilot/db/aesl_mux_load_12i32P.sched.adb -f 
INFO-FLOW: Finish scheduling aesl_mux_load_12i32P.
Execute       set_default_model aesl_mux_load_12i32P 
Execute       bind -model aesl_mux_load_12i32P 
BIND OPTION: model=aesl_mux_load_12i32P
INFO: [BIND 205-100] Starting micro-architecture generation ...
INFO: [BIND 205-101] Performing variable lifetime analysis.
INFO: [BIND 205-101] Exploring resource sharing.
INFO: [BIND 205-101] Binding ...
INFO: [BIND 205-100] Finished micro-architecture generation.
INFO: [HLS 200-111]  Elapsed time: 0.01 seconds; current allocated memory: 149.328 MB.
Execute       syn_report -verbosereport -o /scratch/whoami/assignment_5/Assignment_5/solution1/.autopilot/db/aesl_mux_load_12i32P.verbose.bind.rpt 
Execute       db_write -o /scratch/whoami/assignment_5/Assignment_5/solution1/.autopilot/db/aesl_mux_load_12i32P.bind.adb -f 
INFO-FLOW: Finish binding aesl_mux_load_12i32P.
INFO: [HLS 200-10] ----------------------------------------------------------------
INFO: [HLS 200-42] -- Implementing module 'matrix_mult' 
INFO: [HLS 200-10] ----------------------------------------------------------------
Execute       set_default_model matrix_mult 
Execute       schedule -model matrix_mult 
INFO: [SCHED 204-11] Starting scheduling ...
INFO: [SCHED 204-11] Finished scheduling.
INFO: [HLS 200-111]  Elapsed time: 0.07 seconds; current allocated memory: 149.751 MB.
Execute       syn_report -verbosereport -o /scratch/whoami/assignment_5/Assignment_5/solution1/.autopilot/db/matrix_mult.verbose.sched.rpt 
Execute       db_write -o /scratch/whoami/assignment_5/Assignment_5/solution1/.autopilot/db/matrix_mult.sched.adb -f 
INFO-FLOW: Finish scheduling matrix_mult.
Execute       set_default_model matrix_mult 
Execute       bind -model matrix_mult 
BIND OPTION: model=matrix_mult
INFO: [BIND 205-100] Starting micro-architecture generation ...
INFO: [BIND 205-101] Performing variable lifetime analysis.
INFO: [BIND 205-101] Exploring resource sharing.
INFO: [BIND 205-101] Binding ...
INFO: [BIND 205-100] Finished micro-architecture generation.
INFO: [HLS 200-111]  Elapsed time: 0.04 seconds; current allocated memory: 150.022 MB.
Execute       syn_report -verbosereport -o /scratch/whoami/assignment_5/Assignment_5/solution1/.autopilot/db/matrix_mult.verbose.bind.rpt 
Execute       db_write -o /scratch/whoami/assignment_5/Assignment_5/solution1/.autopilot/db/matrix_mult.bind.adb -f 
INFO-FLOW: Finish binding matrix_mult.
Execute       get_model_list matrix_mult -filter all-wo-channel 
INFO-FLOW: Preprocessing for RTLGen ...
Execute       rtl_gen_preprocess aesl_mux_load_12i32P 
Execute       rtl_gen_preprocess matrix_mult 
INFO-FLOW: Model list for RTL generation: aesl_mux_load_12i32P matrix_mult
INFO: [HLS 200-10] ----------------------------------------------------------------
INFO: [HLS 200-10] -- Generating RTL for module 'aesl_mux_load_12i32P' 
INFO: [HLS 200-10] ----------------------------------------------------------------
Execute       get_config_rtl -module_prefix 
Execute       get_config_rtl -module_auto_prefix 
Execute       create_rtl_model aesl_mux_load_12i32P -vendor xilinx -mg_file /scratch/whoami/assignment_5/Assignment_5/solution1/.autopilot/db/aesl_mux_load_12i32P.compgen.tcl 
INFO: [RTGEN 206-100] Finished creating RTL model for 'aesl_mux_load_12i32P'.
INFO: [HLS 200-111]  Elapsed time: 0.07 seconds; current allocated memory: 150.215 MB.
Execute       source /scratch/whoami/assignment_5/Assignment_5/solution1/.autopilot/db/matrix_mult.rtl_wrap.cfg.tcl 
Execute       gen_rtl aesl_mux_load_12i32P -style xilinx -tracefl mytrace -tracefmt vcd -traceopt all -f -lang sc -o /scratch/whoami/assignment_5/Assignment_5/solution1/syn/systemc/aesl_mux_load_12i32P -synmodules aesl_mux_load_12i32P matrix_mult 
Execute       gen_rtl aesl_mux_load_12i32P -style xilinx -f -lang vhdl -o /scratch/whoami/assignment_5/Assignment_5/solution1/syn/vhdl/aesl_mux_load_12i32P 
Execute       gen_rtl aesl_mux_load_12i32P -style xilinx -f -lang vlog -o /scratch/whoami/assignment_5/Assignment_5/solution1/syn/verilog/aesl_mux_load_12i32P 
Execute       syn_report -csynth -model aesl_mux_load_12i32P -o /scratch/whoami/assignment_5/Assignment_5/solution1/syn/report/aesl_mux_load_12i32P_csynth.rpt 
Execute       syn_report -rtlxml -model aesl_mux_load_12i32P -o /scratch/whoami/assignment_5/Assignment_5/solution1/syn/report/aesl_mux_load_12i32P_csynth.xml 
Execute       syn_report -verbosereport -model aesl_mux_load_12i32P -o /scratch/whoami/assignment_5/Assignment_5/solution1/.autopilot/db/aesl_mux_load_12i32P.verbose.rpt 
Execute       db_write -model aesl_mux_load_12i32P -f -o /scratch/whoami/assignment_5/Assignment_5/solution1/.autopilot/db/aesl_mux_load_12i32P.adb 
Execute       gen_tb_info aesl_mux_load_12i32P -p /scratch/whoami/assignment_5/Assignment_5/solution1/.autopilot/db -o /scratch/whoami/assignment_5/Assignment_5/solution1/.autopilot/db/aesl_mux_load_12i32P 
INFO: [HLS 200-10] ----------------------------------------------------------------
INFO: [HLS 200-10] -- Generating RTL for module 'matrix_mult' 
INFO: [HLS 200-10] ----------------------------------------------------------------
Execute       get_config_rtl -module_prefix 
Execute       get_config_rtl -module_auto_prefix 
Execute       create_rtl_model matrix_mult -vendor xilinx -mg_file /scratch/whoami/assignment_5/Assignment_5/solution1/.autopilot/db/matrix_mult.compgen.tcl 
INFO: [RTGEN 206-500] Setting interface mode on port 'matrix_mult/A_0_0' to 'ap_none'.
INFO: [RTGEN 206-500] Setting interface mode on port 'matrix_mult/A_0_1' to 'ap_none'.
INFO: [RTGEN 206-500] Setting interface mode on port 'matrix_mult/A_0_2' to 'ap_none'.
INFO: [RTGEN 206-500] Setting interface mode on port 'matrix_mult/A_1_0' to 'ap_none'.
INFO: [RTGEN 206-500] Setting interface mode on port 'matrix_mult/A_1_1' to 'ap_none'.
INFO: [RTGEN 206-500] Setting interface mode on port 'matrix_mult/A_1_2' to 'ap_none'.
INFO: [RTGEN 206-500] Setting interface mode on port 'matrix_mult/A_2_0' to 'ap_none'.
INFO: [RTGEN 206-500] Setting interface mode on port 'matrix_mult/A_2_1' to 'ap_none'.
INFO: [RTGEN 206-500] Setting interface mode on port 'matrix_mult/A_2_2' to 'ap_none'.
INFO: [RTGEN 206-500] Setting interface mode on port 'matrix_mult/A_3_0' to 'ap_none'.
INFO: [RTGEN 206-500] Setting interface mode on port 'matrix_mult/A_3_1' to 'ap_none'.
INFO: [RTGEN 206-500] Setting interface mode on port 'matrix_mult/A_3_2' to 'ap_none'.
INFO: [RTGEN 206-500] Setting interface mode on port 'matrix_mult/B_0_0' to 'ap_none'.
INFO: [RTGEN 206-500] Setting interface mode on port 'matrix_mult/B_0_1' to 'ap_none'.
INFO: [RTGEN 206-500] Setting interface mode on port 'matrix_mult/B_0_2' to 'ap_none'.
INFO: [RTGEN 206-500] Setting interface mode on port 'matrix_mult/B_0_3' to 'ap_none'.
INFO: [RTGEN 206-500] Setting interface mode on port 'matrix_mult/B_1_0' to 'ap_none'.
INFO: [RTGEN 206-500] Setting interface mode on port 'matrix_mult/B_1_1' to 'ap_none'.
INFO: [RTGEN 206-500] Setting interface mode on port 'matrix_mult/B_1_2' to 'ap_none'.
INFO: [RTGEN 206-500] Setting interface mode on port 'matrix_mult/B_1_3' to 'ap_none'.
INFO: [RTGEN 206-500] Setting interface mode on port 'matrix_mult/B_2_0' to 'ap_none'.
INFO: [RTGEN 206-500] Setting interface mode on port 'matrix_mult/B_2_1' to 'ap_none'.
INFO: [RTGEN 206-500] Setting interface mode on port 'matrix_mult/B_2_2' to 'ap_none'.
INFO: [RTGEN 206-500] Setting interface mode on port 'matrix_mult/B_2_3' to 'ap_none'.
INFO: [RTGEN 206-500] Setting interface mode on port 'matrix_mult/C' to 'bram'.
INFO: [RTGEN 206-500] Setting interface mode on function 'matrix_mult' to 's_axilite & ap_ctrl_hs'.
INFO: [RTGEN 206-100] Bundling port 'return' to AXI-Lite port AXILiteS.
INFO: [RTGEN 206-100] Finished creating RTL model for 'matrix_mult'.
INFO: [HLS 200-111]  Elapsed time: 0.13 seconds; current allocated memory: 151.277 MB.
Execute       source /scratch/whoami/assignment_5/Assignment_5/solution1/.autopilot/db/matrix_mult.rtl_wrap.cfg.tcl 
Execute       gen_rtl matrix_mult -istop -style xilinx -tracefl mytrace -tracefmt vcd -traceopt all -f -lang sc -o /scratch/whoami/assignment_5/Assignment_5/solution1/syn/systemc/matrix_mult -synmodules aesl_mux_load_12i32P matrix_mult 
Execute       gen_rtl matrix_mult -istop -style xilinx -f -lang vhdl -o /scratch/whoami/assignment_5/Assignment_5/solution1/syn/vhdl/matrix_mult 
Execute       gen_rtl matrix_mult -istop -style xilinx -f -lang vlog -o /scratch/whoami/assignment_5/Assignment_5/solution1/syn/verilog/matrix_mult 
Execute       syn_report -csynth -model matrix_mult -o /scratch/whoami/assignment_5/Assignment_5/solution1/syn/report/matrix_mult_csynth.rpt 
Execute       syn_report -rtlxml -model matrix_mult -o /scratch/whoami/assignment_5/Assignment_5/solution1/syn/report/matrix_mult_csynth.xml 
Execute       syn_report -verbosereport -model matrix_mult -o /scratch/whoami/assignment_5/Assignment_5/solution1/.autopilot/db/matrix_mult.verbose.rpt 
Execute       db_write -model matrix_mult -f -o /scratch/whoami/assignment_5/Assignment_5/solution1/.autopilot/db/matrix_mult.adb 
Execute       gen_tb_info matrix_mult -p /scratch/whoami/assignment_5/Assignment_5/solution1/.autopilot/db -o /scratch/whoami/assignment_5/Assignment_5/solution1/.autopilot/db/matrix_mult 
Execute       export_constraint_db -f -tool general -o /scratch/whoami/assignment_5/Assignment_5/solution1/.autopilot/db/matrix_mult.constraint.tcl 
Execute       syn_report -designview -model matrix_mult -o /scratch/whoami/assignment_5/Assignment_5/solution1/.autopilot/db/matrix_mult.design.xml 
Execute       get_config_rtl -disable_wave_debug 
Execute       syn_report -wcfg -model matrix_mult -o /scratch/whoami/assignment_5/Assignment_5/solution1/.autopilot/db/matrix_mult_dataflow_ana.wcfg 
Execute       syn_report -protoinst -model matrix_mult -o /scratch/whoami/assignment_5/Assignment_5/solution1/.autopilot/db/matrix_mult.protoinst 
Execute       get_config_debug -directory 
Execute       sc_get_clocks matrix_mult 
Execute       get_config_export -vivado_clock 
Execute       sc_get_portdomain matrix_mult 
INFO-FLOW: Model list for RTL component generation: aesl_mux_load_12i32P matrix_mult
INFO-FLOW: Handling components in module [aesl_mux_load_12i32P] ... 
Execute       source /scratch/whoami/assignment_5/Assignment_5/solution1/.autopilot/db/aesl_mux_load_12i32P.compgen.tcl 
INFO-FLOW: Handling components in module [matrix_mult] ... 
Execute       source /scratch/whoami/assignment_5/Assignment_5/solution1/.autopilot/db/matrix_mult.compgen.tcl 
INFO-FLOW: Found component matrix_mult_AXILiteS_s_axi.
INFO-FLOW: Append model matrix_mult_AXILiteS_s_axi
INFO-FLOW: Append model aesl_mux_load_12i32P
INFO-FLOW: Append model matrix_mult
INFO-FLOW: Generating RTL model list ...
INFO-FLOW: All models in this session: matrix_mult_AXILiteS_s_axi aesl_mux_load_12i32P matrix_mult
INFO-FLOW: To file: write model matrix_mult_AXILiteS_s_axi
INFO-FLOW: To file: write model aesl_mux_load_12i32P
INFO-FLOW: To file: write model matrix_mult
INFO-FLOW: Finished generating RTL model list.


INFO-FLOW: RTL Generation done.
INFO-FLOW: CAS Generation done.
INFO-FLOW: CBC Generation done.
Execute       syn_report -model matrix_mult -printsummary 
INFO: [HLS 200-790] **** Loop Constraint Status: All loop constraints were satisfied.
INFO: [HLS 200-789] **** Estimated Fmax: 136.85 MHz
INFO-FLOW: DBG:CMD: auto_generate_csynth_design
INFO-FLOW: DBG:CMD:     auto_generate --sim-model -phase csynth_design -d /scratch/whoami/assignment_5/Assignment_5/solution1
Execute       source /scratch/whoami/assignment_5/Assignment_5/solution1/.autopilot/db/global.setting.tcl 
INFO-FLOW: DBG:CMD: read_platform_lib /scratch/whoami/assignment_5/Assignment_5/solution1/.autopilot/db/global.setting.tcl
Execute       source /opt/Xilinx/Vivado/2020.1/common/technology/generic/autopilot/common.gen 
Execute         source /opt/Xilinx/Vivado/2020.1/common/technology/generic/autopilot/APCoreGen.gen 
Execute       source /opt/Xilinx/Vivado/2020.1/common/technology/generic/autopilot/op.gen 
Execute       source /opt/Xilinx/Vivado/2020.1/common/technology/generic/autopilot/op_simcore.gen 
Execute       source /opt/Xilinx/Vivado/2020.1/common/technology/generic/autopilot/interface.gen 
Execute       source /scratch/whoami/assignment_5/Assignment_5/solution1/.autopilot/db/global.setting.tcl 
Execute       source /opt/Xilinx/Vivado/2020.1/common/technology/xilinx/virtexuplus/virtexuplus.gen 
Execute         source /opt/Xilinx/Vivado/2020.1/common/technology/xilinx/common/xilinx.gen 
Execute           source /opt/Xilinx/Vivado/2020.1/common/technology/xilinx/interface/plb46.gen 
Execute           source /opt/Xilinx/Vivado/2020.1/common/technology/xilinx/interface/fsl.gen 
Execute           source /opt/Xilinx/Vivado/2020.1/common/technology/xilinx/interface/axi4.gen 
Execute           source /opt/Xilinx/Vivado/2020.1/common/technology/xilinx/interface/nativeAXI4.gen 
Execute             source /opt/Xilinx/Vivado/2020.1/common/technology/xilinx/interface/saxilite.gen 
Execute             source /opt/Xilinx/Vivado/2020.1/common/technology/xilinx/interface/maxi.gen 
Execute           source /opt/Xilinx/Vivado/2020.1/common/technology/xilinx/scripts/xilinxcoregen.gen 
Execute           source /opt/Xilinx/Vivado/2020.1/common/technology/xilinx/interface/XilEDKCoreGen.gen 
Execute           source /opt/Xilinx/Vivado/2020.1/common/technology/xilinx/ip/dds_compiler.gen 
Execute           source /opt/Xilinx/Vivado/2020.1/common/technology/xilinx/ip/util.gen 
Execute           source /opt/Xilinx/Vivado/2020.1/common/technology/xilinx/ip/xfft.gen 
Command           ap_source done; 0.12 sec.
Execute           source /opt/Xilinx/Vivado/2020.1/common/technology/xilinx/ip/xfir.gen 
Execute           source /opt/Xilinx/Vivado/2020.1/common/technology/xilinx/common/dsp48.gen 
Command         ap_source done; 0.18 sec.
Command       ap_source done; 0.18 sec.
Execute       source /opt/Xilinx/Vivado/2020.1/common/technology/xilinx/virtexuplus/virtexuplus_fpv7.gen 
Execute         source /opt/Xilinx/Vivado/2020.1/common/technology/xilinx/common/xilinx_fp.gen 
INFO-FLOW: DBG:CMD:   using AESL_AUTOCG::g_clock_period=10.000 (was NA)
INFO-FLOW: DBG:CMD:       generate_ip_cores sim=1 export=0 expOnly=0 dstVlogDir=syn/verilog
Execute       source /scratch/whoami/assignment_5/Assignment_5/solution1/.autopilot/db/global.setting.tcl 
Execute       ap_part_info -name xcvu9p-flga2104-1-i -data names -quiet 
Execute       ap_part_info -name xcvu9p-flga2104-1-i -data info -quiet 
Execute       source /scratch/whoami/assignment_5/Assignment_5/solution1/.autopilot/db/global.setting.tcl 
Execute       source /scratch/whoami/assignment_5/Assignment_5/solution1/.autopilot/db/global.setting.tcl 
Execute       source /scratch/whoami/assignment_5/Assignment_5/solution1/.autopilot/db/aesl_mux_load_12i32P.compgen.tcl 
Execute       source /scratch/whoami/assignment_5/Assignment_5/solution1/.autopilot/db/matrix_mult.compgen.tcl 
Execute         source ./AXILiteS.slave.tcl 
Execute         is_m_axi_addr64 
INFO-FLOW: DBG:CMD:     auto_generate -export -impltomg_flag -rtl both -tool Vivado -pcore_version 1.00.a -phase csynth_design -d /scratch/whoami/assignment_5/Assignment_5/solution1
Execute       source /scratch/whoami/assignment_5/Assignment_5/solution1/.autopilot/db/global.setting.tcl 
INFO-FLOW: DBG:CMD: read_platform_lib /scratch/whoami/assignment_5/Assignment_5/solution1/.autopilot/db/global.setting.tcl
Execute       source /opt/Xilinx/Vivado/2020.1/common/technology/generic/autopilot/common.gen 
Execute         source /opt/Xilinx/Vivado/2020.1/common/technology/generic/autopilot/APCoreGen.gen 
Execute       source /opt/Xilinx/Vivado/2020.1/common/technology/generic/autopilot/op.gen 
Execute       source /opt/Xilinx/Vivado/2020.1/common/technology/generic/autopilot/op_simcore.gen 
Execute       source /opt/Xilinx/Vivado/2020.1/common/technology/generic/autopilot/interface.gen 
Execute       source /scratch/whoami/assignment_5/Assignment_5/solution1/.autopilot/db/global.setting.tcl 
Execute       source /opt/Xilinx/Vivado/2020.1/common/technology/xilinx/virtexuplus/virtexuplus.gen 
Execute         source /opt/Xilinx/Vivado/2020.1/common/technology/xilinx/common/xilinx.gen 
Execute           source /opt/Xilinx/Vivado/2020.1/common/technology/xilinx/interface/plb46.gen 
Execute           source /opt/Xilinx/Vivado/2020.1/common/technology/xilinx/interface/fsl.gen 
Execute           source /opt/Xilinx/Vivado/2020.1/common/technology/xilinx/interface/axi4.gen 
Execute           source /opt/Xilinx/Vivado/2020.1/common/technology/xilinx/interface/nativeAXI4.gen 
Execute             source /opt/Xilinx/Vivado/2020.1/common/technology/xilinx/interface/saxilite.gen 
Execute             source /opt/Xilinx/Vivado/2020.1/common/technology/xilinx/interface/maxi.gen 
Execute           source /opt/Xilinx/Vivado/2020.1/common/technology/xilinx/scripts/xilinxcoregen.gen 
Execute           source /opt/Xilinx/Vivado/2020.1/common/technology/xilinx/interface/XilEDKCoreGen.gen 
Execute           source /opt/Xilinx/Vivado/2020.1/common/technology/xilinx/ip/dds_compiler.gen 
Execute           source /opt/Xilinx/Vivado/2020.1/common/technology/xilinx/ip/util.gen 
Execute           source /opt/Xilinx/Vivado/2020.1/common/technology/xilinx/ip/xfft.gen 
Command           ap_source done; 0.11 sec.
Execute           source /opt/Xilinx/Vivado/2020.1/common/technology/xilinx/ip/xfir.gen 
Execute           source /opt/Xilinx/Vivado/2020.1/common/technology/xilinx/common/dsp48.gen 
Command         ap_source done; 0.16 sec.
Command       ap_source done; 0.16 sec.
Execute       source /opt/Xilinx/Vivado/2020.1/common/technology/xilinx/virtexuplus/virtexuplus_fpv7.gen 
Execute         source /opt/Xilinx/Vivado/2020.1/common/technology/xilinx/common/xilinx_fp.gen 
INFO-FLOW: DBG:CMD:       initCTypeInfo top_module=matrix_mult xml_exists=0
Execute       source /scratch/whoami/assignment_5/Assignment_5/solution1/.autopilot/db/matrix_mult.rtl_wrap.cfg.tcl 
Execute       source /scratch/whoami/assignment_5/Assignment_5/solution1/.autopilot/db/matrix_mult.rtl_wrap.cfg.tcl 
Execute       source /scratch/whoami/assignment_5/Assignment_5/solution1/.autopilot/db/matrix_mult.rtl_wrap.cfg.tcl 
Execute       source /scratch/whoami/assignment_5/Assignment_5/solution1/.autopilot/db/matrix_mult.tbgen.tcl 
Execute       source /scratch/whoami/assignment_5/Assignment_5/solution1/.autopilot/db/matrix_mult.tbgen.tcl 
INFO-FLOW: DBG:CMD:       export_impl_rtl
INFO-FLOW: DBG:CMD:       generate_ip_cores sim=0 export=0 expOnly=0 dstVlogDir=impl/.verilog
Execute       source /scratch/whoami/assignment_5/Assignment_5/solution1/.autopilot/db/global.setting.tcl 
Execute       source /scratch/whoami/assignment_5/Assignment_5/solution1/.autopilot/db/aesl_mux_load_12i32P.compgen.tcl 
Execute       source /scratch/whoami/assignment_5/Assignment_5/solution1/.autopilot/db/matrix_mult.compgen.tcl 
INFO-FLOW: DBG:CMD:       generate_ip_cores sim=0 export=1 expOnly=1 dstVlogDir=impl/.pcores/verilog
Execute       source /scratch/whoami/assignment_5/Assignment_5/solution1/.autopilot/db/global.setting.tcl 
Execute       source /scratch/whoami/assignment_5/Assignment_5/solution1/.autopilot/db/aesl_mux_load_12i32P.compgen.tcl 
Execute       source /scratch/whoami/assignment_5/Assignment_5/solution1/.autopilot/db/matrix_mult.compgen.tcl 
Execute         ap_part_info -name xcvu9p-flga2104-1-i -data names -quiet 
Execute         ap_part_info -name xcvu9p-flga2104-1-i -data info -quiet 
Execute         ap_part_info -name xcvu9p-flga2104-1-i -data names -quiet 
Execute         ap_part_info -name xcvu9p-flga2104-1-i -data info -quiet 
Execute         ap_part_info -name xcvu9p-flga2104-1-i -data names -quiet 
Execute         ap_part_info -name xcvu9p-flga2104-1-i -data info -quiet 
Execute         ap_part_info -name xcvu9p-flga2104-1-i -data names -quiet 
Execute         ap_part_info -name xcvu9p-flga2104-1-i -data info -quiet 
Execute         ap_part_info -name xcvu9p-flga2104-1-i -data names -quiet 
Execute         ap_part_info -name xcvu9p-flga2104-1-i -data info -quiet 
Execute         ap_part_info -name xcvu9p-flga2104-1-i -data names -quiet 
Execute         ap_part_info -name xcvu9p-flga2104-1-i -data info -quiet 
Execute         ap_part_info -name xcvu9p-flga2104-1-i -data names -quiet 
Execute         ap_part_info -name xcvu9p-flga2104-1-i -data info -quiet 
Execute         ap_part_info -name xcvu9p-flga2104-1-i -data names -quiet 
Execute         ap_part_info -name xcvu9p-flga2104-1-i -data info -quiet 
Execute         ap_part_info -name xcvu9p-flga2104-1-i -data names -quiet 
Execute         ap_part_info -name xcvu9p-flga2104-1-i -data info -quiet 
Execute         ap_part_info -name xcvu9p-flga2104-1-i -data names -quiet 
Execute         ap_part_info -name xcvu9p-flga2104-1-i -data info -quiet 
Execute         ap_part_info -name xcvu9p-flga2104-1-i -data names -quiet 
Execute         ap_part_info -name xcvu9p-flga2104-1-i -data info -quiet 
Execute         ap_part_info -name xcvu9p-flga2104-1-i -data names -quiet 
Execute         ap_part_info -name xcvu9p-flga2104-1-i -data info -quiet 
Execute         ap_part_info -name xcvu9p-flga2104-1-i -data names -quiet 
Execute         ap_part_info -name xcvu9p-flga2104-1-i -data info -quiet 
Execute         ap_part_info -name xcvu9p-flga2104-1-i -data names -quiet 
Execute         ap_part_info -name xcvu9p-flga2104-1-i -data info -quiet 
Execute         ap_part_info -name xcvu9p-flga2104-1-i -data names -quiet 
Execute         ap_part_info -name xcvu9p-flga2104-1-i -data info -quiet 
Execute         ap_part_info -name xcvu9p-flga2104-1-i -data names -quiet 
Execute         ap_part_info -name xcvu9p-flga2104-1-i -data info -quiet 
Execute         ap_part_info -name xcvu9p-flga2104-1-i -data names -quiet 
Execute         ap_part_info -name xcvu9p-flga2104-1-i -data info -quiet 
Execute         ap_part_info -name xcvu9p-flga2104-1-i -data names -quiet 
Execute         ap_part_info -name xcvu9p-flga2104-1-i -data info -quiet 
Execute         ap_part_info -name xcvu9p-flga2104-1-i -data names -quiet 
Execute         ap_part_info -name xcvu9p-flga2104-1-i -data info -quiet 
Execute         ap_part_info -name xcvu9p-flga2104-1-i -data names -quiet 
Execute         ap_part_info -name xcvu9p-flga2104-1-i -data info -quiet 
Execute         ap_part_info -name xcvu9p-flga2104-1-i -data names -quiet 
Execute         ap_part_info -name xcvu9p-flga2104-1-i -data info -quiet 
Execute         ap_part_info -name xcvu9p-flga2104-1-i -data names -quiet 
Execute         ap_part_info -name xcvu9p-flga2104-1-i -data info -quiet 
Execute         ap_part_info -name xcvu9p-flga2104-1-i -data names -quiet 
Execute         ap_part_info -name xcvu9p-flga2104-1-i -data info -quiet 
Execute         ap_part_info -name xcvu9p-flga2104-1-i -data names -quiet 
Execute         ap_part_info -name xcvu9p-flga2104-1-i -data info -quiet 
Execute         ap_part_info -name xcvu9p-flga2104-1-i -data names -quiet 
Execute         ap_part_info -name xcvu9p-flga2104-1-i -data info -quiet 
Execute         ap_part_info -name xcvu9p-flga2104-1-i -data names -quiet 
Execute         ap_part_info -name xcvu9p-flga2104-1-i -data info -quiet 
Execute         ap_part_info -name xcvu9p-flga2104-1-i -data names -quiet 
Execute         ap_part_info -name xcvu9p-flga2104-1-i -data info -quiet 
Execute         ap_part_info -name xcvu9p-flga2104-1-i -data names -quiet 
Execute         ap_part_info -name xcvu9p-flga2104-1-i -data info -quiet 
Execute         ap_part_info -name xcvu9p-flga2104-1-i -data names -quiet 
Execute         ap_part_info -name xcvu9p-flga2104-1-i -data info -quiet 
Execute         ap_part_info -name xcvu9p-flga2104-1-i -data names -quiet 
Execute         ap_part_info -name xcvu9p-flga2104-1-i -data info -quiet 
Command       ap_source done; 0.47 sec.
Execute       ap_part_info -name xcvu9p-flga2104-1-i -data names -quiet 
Execute       ap_part_info -name xcvu9p-flga2104-1-i -data info -quiet 
INFO-FLOW: DBG:CMD:       generate_ip_cores sim=0 export=0 expOnly=0 dstVlogDir=impl/.pcores/verilog_sim
Execute       source /scratch/whoami/assignment_5/Assignment_5/solution1/.autopilot/db/global.setting.tcl 
Execute       source /scratch/whoami/assignment_5/Assignment_5/solution1/.autopilot/db/aesl_mux_load_12i32P.compgen.tcl 
Execute       source /scratch/whoami/assignment_5/Assignment_5/solution1/.autopilot/db/matrix_mult.compgen.tcl 
Execute       ap_part_info -name xcvu9p-flga2104-1-i -data names -quiet 
Execute       ap_part_info -name xcvu9p-flga2104-1-i -data info -quiet 
Execute       ap_part_info -name xcvu9p-flga2104-1-i -data names -quiet 
Execute       ap_part_info -name xcvu9p-flga2104-1-i -data info -quiet 
Execute       source /scratch/whoami/assignment_5/Assignment_5/solution1/.autopilot/db/global.setting.tcl 
Execute       ap_part_info -name xcvu9p-flga2104-1-i -data names -quiet 
Execute       ap_part_info -name xcvu9p-flga2104-1-i -data info -quiet 
Execute       source /scratch/whoami/assignment_5/Assignment_5/solution1/.autopilot/db/matrix_mult.constraint.tcl 
Execute       source /scratch/whoami/assignment_5/Assignment_5/solution1/.autopilot/db/matrix_mult.tbgen.tcl 
INFO-FLOW: DBG:CMD:       hasPcoreIpAdapter=false #gSsdmPorts=48
INFO-FLOW: DBG:CMD: Skipping loadAnalyze_DB, #g_database=25
INFO-FLOW: DBG:CMD:       generate_json is_phase_csynth=1 g_has_adaptors=false generate_bd_files=0 #modelList=3 #gSsdmPorts=48
Execute       source /opt/Xilinx/Vivado/2020.1/tps/tcl/tcllib1.11.1/fileutil/fileutil.tcl 
Execute       source /scratch/whoami/assignment_5/Assignment_5/solution1/.autopilot/db/global.setting.tcl 
Execute       source /scratch/whoami/assignment_5/Assignment_5/solution1/.autopilot/db/global.setting.tcl 
Execute       get_config_export -xo 
Execute       source /scratch/whoami/assignment_5/Assignment_5/solution1/.autopilot/db/matrix_mult.tbgen.tcl 
Execute       source /scratch/whoami/assignment_5/Assignment_5/solution1/.autopilot/db/matrix_mult.compgen.dataonly.tcl 
Execute       source /scratch/whoami/assignment_5/Assignment_5/solution1/.autopilot/db/matrix_mult.compgen.dataonly.tcl 
Execute       source /scratch/whoami/assignment_5/Assignment_5/solution1/.autopilot/db/global.setting.tcl 
Execute       get_config_sdx -target 
Execute       source /scratch/whoami/assignment_5/Assignment_5/solution1/.autopilot/db/matrix_mult.rtl_wrap.cfg.tcl 
Execute       source /scratch/whoami/assignment_5/Assignment_5/solution1/.autopilot/db/matrix_mult.compgen.dataonly.tcl 
Execute       source /scratch/whoami/assignment_5/Assignment_5/solution1/.autopilot/db/global.setting.tcl 
Execute       ap_part_info -name xcvu9p-flga2104-1-i -data names -quiet 
Execute       ap_part_info -name xcvu9p-flga2104-1-i -data info -quiet 
Execute       source /scratch/whoami/assignment_5/Assignment_5/solution1/.autopilot/db/matrix_mult.constraint.tcl 
Execute       sc_get_clocks matrix_mult 
Execute       ap_part_info -name xcvu9p-flga2104-1-i -data names -quiet 
Execute       ap_part_info -name xcvu9p-flga2104-1-i -data info -quiet 
Execute       source /scratch/whoami/assignment_5/Assignment_5/solution1/.autopilot/db/global.setting.tcl 
Execute       get_config_debug -directory 
Execute       source /scratch/whoami/assignment_5/Assignment_5/solution1/.autopilot/db/aesl_mux_load_12i32P.tbgen.tcl 
Execute       source /scratch/whoami/assignment_5/Assignment_5/solution1/.autopilot/db/matrix_mult.tbgen.tcl 
Execute       get_config_sdx -target 
Execute       get_config_sdx -profile 
Execute       get_config_rtl -kernel_profile 
Execute       get_config_rtl -stall_sig_gen 
Execute       get_config_rtl -profile 
INFO-FLOW: DBG:CMD: add_json_sdx_info kernel file does not exist, skipping opencl info: /scratch/whoami/assignment_5/Assignment_5/solution1/.autopilot/db/kernel.internal.xml
INFO-FLOW: DBG:CMD:       delete-temp-dirs (skipped for debug)
INFO: [HLS 200-111] Finished generating all RTL models Time (s): cpu = 00:00:19 ; elapsed = 00:00:19 . Memory (MB): peak = 1629.836 ; gain = 1228.703 ; free physical = 85791 ; free virtual = 211275
INFO: [VHDL 208-304] Generating VHDL RTL for matrix_mult.
INFO: [VLOG 209-307] Generating Verilog RTL for matrix_mult.
Command     autosyn done; 2.25 sec.
Command   csynth_design done; 15.03 sec.
Command ap_source done; 18.46 sec.
Execute cleanup_all 
