

================================================================
== Vivado HLS Report for 'assignment_4_ap'
================================================================
* Date:           Sun May  4 12:56:42 2025

* Version:        2020.1 (Build 2897737 on Wed May 27 20:21:37 MDT 2020)
* Project:        assignment_4_ap
* Solution:       solution1
* Product family: virtexuplus
* Target device:  xcvu9p-flga2104-1-i


================================================================
== Performance Estimates
================================================================
+ Timing: 
    * Summary: 
    +--------+----------+----------+------------+
    |  Clock |  Target  | Estimated| Uncertainty|
    +--------+----------+----------+------------+
    |ap_clk  | 10.00 ns | 4.306 ns |   1.25 ns  |
    +--------+----------+----------+------------+

+ Latency: 
    * Summary: 
    +---------+---------+----------+----------+-----+-----+---------+
    |  Latency (cycles) |  Latency (absolute) |  Interval | Pipeline|
    |   min   |   max   |    min   |    max   | min | max |   Type  |
    +---------+---------+----------+----------+-----+-----+---------+
    |      253|      253| 2.530 us | 2.530 us |  253|  253|   none  |
    +---------+---------+----------+----------+-----+-----+---------+

    + Detail: 
        * Instance: 
        N/A

        * Loop: 
        +----------+---------+---------+----------+-----------+-----------+------+----------+
        |          |  Latency (cycles) | Iteration|  Initiation Interval  | Trip |          |
        | Loop Name|   min   |   max   |  Latency |  achieved |   target  | Count| Pipelined|
        +----------+---------+---------+----------+-----------+-----------+------+----------+
        |- Loop 1  |      252|      252|        21|          -|          -|    12|    no    |
        +----------+---------+---------+----------+-----------+-----------+------+----------+



================================================================
== Utilization Estimates
================================================================
* Summary: 
+---------------------+---------+-------+---------+---------+-----+
|         Name        | BRAM_18K| DSP48E|    FF   |   LUT   | URAM|
+---------------------+---------+-------+---------+---------+-----+
|DSP                  |        -|      1|        -|        -|    -|
|Expression           |        -|      -|        0|       67|    -|
|FIFO                 |        -|      -|        -|        -|    -|
|Instance             |        -|      -|      404|      184|    -|
|Memory               |        -|      -|        -|        -|    -|
|Multiplexer          |        -|      -|        -|      118|    -|
|Register             |        -|      -|       34|        -|    -|
+---------------------+---------+-------+---------+---------+-----+
|Total                |        0|      1|      438|      369|    0|
+---------------------+---------+-------+---------+---------+-----+
|Available SLR        |     1440|   2280|   788160|   394080|  320|
+---------------------+---------+-------+---------+---------+-----+
|Utilization SLR (%)  |        0|   ~0  |    ~0   |    ~0   |    0|
+---------------------+---------+-------+---------+---------+-----+
|Available            |     4320|   6840|  2364480|  1182240|  960|
+---------------------+---------+-------+---------+---------+-----+
|Utilization (%)      |        0|   ~0  |    ~0   |    ~0   |    0|
+---------------------+---------+-------+---------+---------+-----+

+ Detail: 
    * Instance: 
    +-------------------------+----------------------+---------+-------+-----+----+-----+
    |         Instance        |        Module        | BRAM_18K| DSP48E|  FF | LUT| URAM|
    +-------------------------+----------------------+---------+-------+-----+----+-----+
    |assignment_4_ap_sbkb_U1  |assignment_4_ap_sbkb  |        0|      0|  202|  92|    0|
    |assignment_4_ap_scud_U2  |assignment_4_ap_scud  |        0|      0|  202|  92|    0|
    +-------------------------+----------------------+---------+-------+-----+----+-----+
    |Total                    |                      |        0|      0|  404| 184|    0|
    +-------------------------+----------------------+---------+-------+-----+----+-----+

    * DSP48E: 
    +-------------------------+----------------------+-----------+
    |         Instance        |        Module        | Expression|
    +-------------------------+----------------------+-----------+
    |assignment_4_ap_mdEe_U3  |assignment_4_ap_mdEe  |  i0 * i1  |
    +-------------------------+----------------------+-----------+

    * Memory: 
    N/A

    * FIFO: 
    N/A

    * Expression: 
    +--------------------+----------+-------+---+----+------------+------------+
    |    Variable Name   | Operation| DSP48E| FF| LUT| Bitwidth P0| Bitwidth P1|
    +--------------------+----------+-------+---+----+------------+------------+
    |add_V_d0            |     +    |      0|  0|  23|          16|          16|
    |i_fu_140_p2         |     +    |      0|  0|  12|           4|           1|
    |sub_V_d0            |     -    |      0|  0|  23|          16|          16|
    |icmp_ln9_fu_134_p2  |   icmp   |      0|  0|   9|           4|           4|
    +--------------------+----------+-------+---+----+------------+------------+
    |Total               |          |      0|  0|  67|          40|          37|
    +--------------------+----------+-------+---+----+------------+------------+

    * Multiplexer: 
    +-------------+-----+-----------+-----+-----------+
    |     Name    | LUT | Input Size| Bits| Total Bits|
    +-------------+-----+-----------+-----+-----------+
    |ap_NS_fsm    |  109|         23|    1|         23|
    |i_0_reg_123  |    9|          2|    4|          8|
    +-------------+-----+-----------+-----+-----------+
    |Total        |  118|         25|    5|         31|
    +-------------+-----+-----------+-----+-----------+

    * Register: 
    +-------------------+----+----+-----+-----------+
    |        Name       | FF | LUT| Bits| Const Bits|
    +-------------------+----+----+-----+-----------+
    |ap_CS_fsm          |  22|   0|   22|          0|
    |i_0_reg_123        |   4|   0|    4|          0|
    |i_reg_190          |   4|   0|    4|          0|
    |zext_ln11_reg_195  |   4|   0|   64|         60|
    +-------------------+----+----+-----+-----------+
    |Total              |  34|   0|   94|         60|
    +-------------------+----+----+-----+-----------+



================================================================
== Interface
================================================================
* Summary: 
+------------------------+-----+-----+------------+-----------------+--------------+
|        RTL Ports       | Dir | Bits|  Protocol  |  Source Object  |    C Type    |
+------------------------+-----+-----+------------+-----------------+--------------+
|ap_clk                  |  in |    1| ap_ctrl_hs | assignment_4_ap | return value |
|ap_rst                  |  in |    1| ap_ctrl_hs | assignment_4_ap | return value |
|ap_start                |  in |    1| ap_ctrl_hs | assignment_4_ap | return value |
|ap_done                 | out |    1| ap_ctrl_hs | assignment_4_ap | return value |
|ap_idle                 | out |    1| ap_ctrl_hs | assignment_4_ap | return value |
|ap_ready                | out |    1| ap_ctrl_hs | assignment_4_ap | return value |
|array_a_cpp_V_address0  | out |    4|  ap_memory |  array_a_cpp_V  |     array    |
|array_a_cpp_V_ce0       | out |    1|  ap_memory |  array_a_cpp_V  |     array    |
|array_a_cpp_V_q0        |  in |   16|  ap_memory |  array_a_cpp_V  |     array    |
|array_b_cpp_V_address0  | out |    4|  ap_memory |  array_b_cpp_V  |     array    |
|array_b_cpp_V_ce0       | out |    1|  ap_memory |  array_b_cpp_V  |     array    |
|array_b_cpp_V_q0        |  in |   16|  ap_memory |  array_b_cpp_V  |     array    |
|add_V_address0          | out |    4|  ap_memory |      add_V      |     array    |
|add_V_ce0               | out |    1|  ap_memory |      add_V      |     array    |
|add_V_we0               | out |    1|  ap_memory |      add_V      |     array    |
|add_V_d0                | out |   16|  ap_memory |      add_V      |     array    |
|sub_V_address0          | out |    4|  ap_memory |      sub_V      |     array    |
|sub_V_ce0               | out |    1|  ap_memory |      sub_V      |     array    |
|sub_V_we0               | out |    1|  ap_memory |      sub_V      |     array    |
|sub_V_d0                | out |   16|  ap_memory |      sub_V      |     array    |
|mul_V_address0          | out |    4|  ap_memory |      mul_V      |     array    |
|mul_V_ce0               | out |    1|  ap_memory |      mul_V      |     array    |
|mul_V_we0               | out |    1|  ap_memory |      mul_V      |     array    |
|mul_V_d0                | out |   16|  ap_memory |      mul_V      |     array    |
|div_V_address0          | out |    4|  ap_memory |      div_V      |     array    |
|div_V_ce0               | out |    1|  ap_memory |      div_V      |     array    |
|div_V_we0               | out |    1|  ap_memory |      div_V      |     array    |
|div_V_d0                | out |   16|  ap_memory |      div_V      |     array    |
|mod_V_address0          | out |    4|  ap_memory |      mod_V      |     array    |
|mod_V_ce0               | out |    1|  ap_memory |      mod_V      |     array    |
|mod_V_we0               | out |    1|  ap_memory |      mod_V      |     array    |
|mod_V_d0                | out |   16|  ap_memory |      mod_V      |     array    |
+------------------------+-----+-----+------------+-----------------+--------------+

